2018-08-24 23:23:37.582+0000 WARN [o.n.i.p.PageCache] The dbms.memory.pagecache.size setting has not been configured. It is recommended that this setting is always explicitly configured, to ensure the system has a balanced configuration. Until then, a computed heuristic value of 6442450944 bytes will be used instead. Run `neo4j-admin memrec` for memory configuration suggestions.
2018-08-24 23:23:38.075+0000 INFO [o.n.k.i.f.CommunityEditionModule] No locking implementation specified, defaulting to 'community'
2018-08-24 23:23:38.317+0000 INFO [o.n.k.AvailabilityGuard] Requirement makes database unavailable: Database available
2018-08-24 23:23:38.335+0000 INFO [o.n.k.i.DiagnosticsManager] --- INITIALIZED diagnostics START ---
2018-08-24 23:23:38.335+0000 INFO [o.n.k.i.DiagnosticsManager] Neo4j Kernel properties:
2018-08-24 23:23:38.335+0000 INFO [o.n.k.i.DiagnosticsManager] dbms.connector.http.enabled=true
2018-08-24 23:23:38.335+0000 INFO [o.n.k.i.DiagnosticsManager] dbms.security.auth_enabled=false
2018-08-24 23:23:38.335+0000 INFO [o.n.k.i.DiagnosticsManager] dbms.windows_service_name=neo4j
2018-08-24 23:23:38.336+0000 INFO [o.n.k.i.DiagnosticsManager] dbms.connector.http.listen_address=localhost:7000
2018-08-24 23:23:38.336+0000 INFO [o.n.k.i.DiagnosticsManager] dbms.connector.https.listen_address=localhost:6999
2018-08-24 23:23:38.336+0000 INFO [o.n.k.i.DiagnosticsManager] unsupported.dbms.directories.neo4j_home=/Users/sofia/Documents/rails/neoproject/db/neo4j/development
2018-08-24 23:23:38.336+0000 INFO [o.n.k.i.DiagnosticsManager] dbms.connector.bolt.listen_address=localhost:6998
2018-08-24 23:23:38.336+0000 INFO [o.n.k.i.DiagnosticsManager] dbms.directories.import=import
2018-08-24 23:23:38.336+0000 INFO [o.n.k.i.DiagnosticsManager] unsupported.dbms.edition=community
2018-08-24 23:23:38.336+0000 INFO [o.n.k.i.DiagnosticsManager] dbms.connector.bolt.enabled=true
2018-08-24 23:23:38.336+0000 INFO [o.n.k.i.DiagnosticsManager] dbms.connector.https.enabled=false
2018-08-24 23:23:38.336+0000 INFO [o.n.k.i.DiagnosticsManager] dbms.jvm.additional=-Dunsupported.dbms.udc.source=tarball
2018-08-24 23:23:38.337+0000 INFO [o.n.k.i.DiagnosticsManager] dbms.tx_log.rotation.retention_policy=1 days
2018-08-24 23:23:38.337+0000 INFO [o.n.k.i.DiagnosticsManager] Diagnostics providers:
2018-08-24 23:23:38.337+0000 INFO [o.n.k.i.DiagnosticsManager] org.neo4j.kernel.configuration.Config
2018-08-24 23:23:38.337+0000 INFO [o.n.k.i.DiagnosticsManager] org.neo4j.kernel.info.DiagnosticsManager
2018-08-24 23:23:38.337+0000 INFO [o.n.k.i.DiagnosticsManager] SYSTEM_MEMORY
2018-08-24 23:23:38.337+0000 INFO [o.n.k.i.DiagnosticsManager] JAVA_MEMORY
2018-08-24 23:23:38.337+0000 INFO [o.n.k.i.DiagnosticsManager] OPERATING_SYSTEM
2018-08-24 23:23:38.337+0000 INFO [o.n.k.i.DiagnosticsManager] JAVA_VIRTUAL_MACHINE
2018-08-24 23:23:38.337+0000 INFO [o.n.k.i.DiagnosticsManager] CLASSPATH
2018-08-24 23:23:38.337+0000 INFO [o.n.k.i.DiagnosticsManager] LIBRARY_PATH
2018-08-24 23:23:38.338+0000 INFO [o.n.k.i.DiagnosticsManager] SYSTEM_PROPERTIES
2018-08-24 23:23:38.338+0000 INFO [o.n.k.i.DiagnosticsManager] TIMEZONE_DATABASE
2018-08-24 23:23:38.338+0000 INFO [o.n.k.i.DiagnosticsManager] NETWORK
2018-08-24 23:23:38.338+0000 INFO [o.n.k.i.DiagnosticsManager] System memory information:
2018-08-24 23:23:38.348+0000 INFO [o.n.k.i.DiagnosticsManager] Total Physical memory: 16.00 GB
2018-08-24 23:23:38.349+0000 INFO [o.n.k.i.DiagnosticsManager] Free Physical memory: 1.42 GB
2018-08-24 23:23:38.349+0000 INFO [o.n.k.i.DiagnosticsManager] Committed virtual memory: 9.66 GB
2018-08-24 23:23:38.350+0000 INFO [o.n.k.i.DiagnosticsManager] Total swap space: 0.00 B
2018-08-24 23:23:38.351+0000 INFO [o.n.k.i.DiagnosticsManager] Free swap space: 0.00 B
2018-08-24 23:23:38.351+0000 INFO [o.n.k.i.DiagnosticsManager] JVM memory information:
2018-08-24 23:23:38.351+0000 INFO [o.n.k.i.DiagnosticsManager] Free  memory: 188.27 MB
2018-08-24 23:23:38.351+0000 INFO [o.n.k.i.DiagnosticsManager] Total memory: 256.00 MB
2018-08-24 23:23:38.351+0000 INFO [o.n.k.i.DiagnosticsManager] Max   memory: 4.00 GB
2018-08-24 23:23:38.354+0000 INFO [o.n.k.i.DiagnosticsManager] Garbage Collector: G1 Young Generation: [G1 Eden Space, G1 Survivor Space]
2018-08-24 23:23:38.354+0000 INFO [o.n.k.i.DiagnosticsManager] Garbage Collector: G1 Old Generation: [G1 Eden Space, G1 Survivor Space, G1 Old Gen]
2018-08-24 23:23:38.356+0000 INFO [o.n.k.i.DiagnosticsManager] Memory Pool: Code Cache (Non-heap memory): committed=5.44 MB, used=5.42 MB, max=240.00 MB, threshold=0.00 B
2018-08-24 23:23:38.356+0000 INFO [o.n.k.i.DiagnosticsManager] Memory Pool: Metaspace (Non-heap memory): committed=15.13 MB, used=14.21 MB, max=-1.00 B, threshold=0.00 B
2018-08-24 23:23:38.356+0000 INFO [o.n.k.i.DiagnosticsManager] Memory Pool: Compressed Class Space (Non-heap memory): committed=2.13 MB, used=1.88 MB, max=1.00 GB, threshold=0.00 B
2018-08-24 23:23:38.357+0000 INFO [o.n.k.i.DiagnosticsManager] Memory Pool: G1 Eden Space (Heap memory): committed=127.00 MB, used=63.00 MB, max=-1.00 B, threshold=?
2018-08-24 23:23:38.357+0000 INFO [o.n.k.i.DiagnosticsManager] Memory Pool: G1 Survivor Space (Heap memory): committed=3.00 MB, used=3.00 MB, max=-1.00 B, threshold=?
2018-08-24 23:23:38.357+0000 INFO [o.n.k.i.DiagnosticsManager] Memory Pool: G1 Old Gen (Heap memory): committed=126.00 MB, used=1.73 MB, max=4.00 GB, threshold=0.00 B
2018-08-24 23:23:38.357+0000 INFO [o.n.k.i.DiagnosticsManager] Operating system information:
2018-08-24 23:23:38.359+0000 INFO [o.n.k.i.DiagnosticsManager] Operating System: Mac OS X; version: 10.13.3; arch: x86_64; cpus: 4
2018-08-24 23:23:38.361+0000 INFO [o.n.k.i.DiagnosticsManager] Max number of file descriptors: 10240
2018-08-24 23:23:38.362+0000 INFO [o.n.k.i.DiagnosticsManager] Number of open file descriptors: 114
2018-08-24 23:23:38.562+0000 INFO [o.n.k.i.DiagnosticsManager] Process id: 24478@devBookPro.local
2018-08-24 23:23:38.563+0000 INFO [o.n.k.i.DiagnosticsManager] Byte order: LITTLE_ENDIAN
2018-08-24 23:23:38.570+0000 INFO [o.n.k.i.DiagnosticsManager] Local timezone: America/Lima
2018-08-24 23:23:38.570+0000 INFO [o.n.k.i.DiagnosticsManager] JVM information:
2018-08-24 23:23:38.570+0000 INFO [o.n.k.i.DiagnosticsManager] VM Name: Java HotSpot(TM) 64-Bit Server VM
2018-08-24 23:23:38.570+0000 INFO [o.n.k.i.DiagnosticsManager] VM Vendor: Oracle Corporation
2018-08-24 23:23:38.570+0000 INFO [o.n.k.i.DiagnosticsManager] VM Version: 25.181-b13
2018-08-24 23:23:38.571+0000 INFO [o.n.k.i.DiagnosticsManager] JIT compiler: HotSpot 64-Bit Tiered Compilers
2018-08-24 23:23:38.573+0000 INFO [o.n.k.i.DiagnosticsManager] VM Arguments: [-XX:+UseG1GC, -XX:-OmitStackTraceInFastThrow, -XX:+AlwaysPreTouch, -XX:+UnlockExperimentalVMOptions, -XX:+TrustFinalNonStaticFields, -XX:+DisableExplicitGC, -Djdk.tls.ephemeralDHKeySize=2048, -Djdk.tls.rejectClientInitiatedRenegotiation=true, -Dunsupported.dbms.udc.source=tarball, -Dfile.encoding=UTF-8]
2018-08-24 23:23:38.573+0000 INFO [o.n.k.i.DiagnosticsManager] Java classpath:
2018-08-24 23:23:38.578+0000 INFO [o.n.k.i.DiagnosticsManager]  [classpath + loader.0] file:/Users/sofia/Documents/rails/neoproject/db/neo4j/development/lib/caffeine-2.6.2.jar
2018-08-24 23:23:38.578+0000 INFO [o.n.k.i.DiagnosticsManager]  [classpath + loader.0] file:/Users/sofia/Documents/rails/neoproject/db/neo4j/development/lib/concurrentlinkedhashmap-lru-1.4.2.jar
2018-08-24 23:23:38.578+0000 INFO [o.n.k.i.DiagnosticsManager]  [loader.1] file:/Library/Java/JavaVirtualMachines/jdk1.8.0_181.jdk/Contents/Home/jre/lib/ext/sunjce_provider.jar
2018-08-24 23:23:38.578+0000 INFO [o.n.k.i.DiagnosticsManager]  [classpath + loader.0] file:/Users/sofia/Documents/rails/neoproject/db/neo4j/development/plugins/*
2018-08-24 23:23:38.578+0000 INFO [o.n.k.i.DiagnosticsManager]  [classpath + loader.0] file:/Users/sofia/Documents/rails/neoproject/db/neo4j/development/lib/commons-logging-1.1.1.jar
2018-08-24 23:23:38.578+0000 INFO [o.n.k.i.DiagnosticsManager]  [classpath + loader.0] file:/Users/sofia/Documents/rails/neoproject/db/neo4j/development/lib/lucene-analyzers-common-5.5.5.jar
2018-08-24 23:23:38.578+0000 INFO [o.n.k.i.DiagnosticsManager]  [classpath + loader.0] file:/Users/sofia/Documents/rails/neoproject/db/neo4j/development/lib/neo4j-cypher-expression-3.4-3.4.1.jar
2018-08-24 23:23:38.578+0000 INFO [o.n.k.i.DiagnosticsManager]  [classpath + loader.0] file:/Users/sofia/Documents/rails/neoproject/db/neo4j/development/lib/jsr311-api-1.1.2.r612.jar
2018-08-24 23:23:38.578+0000 INFO [o.n.k.i.DiagnosticsManager]  [classpath + loader.0] file:/Users/sofia/Documents/rails/neoproject/db/neo4j/development/lib/neo4j-graph-matching-3.1.6.jar
2018-08-24 23:23:38.578+0000 INFO [o.n.k.i.DiagnosticsManager]  [loader.1] file:/Library/Java/JavaVirtualMachines/jdk1.8.0_181.jdk/Contents/Home/jre/lib/ext/dnsns.jar
2018-08-24 23:23:38.579+0000 INFO [o.n.k.i.DiagnosticsManager]  [classpath + loader.0] file:/Users/sofia/Documents/rails/neoproject/db/neo4j/development/lib/commons-lang-2.6.jar
2018-08-24 23:23:38.579+0000 INFO [o.n.k.i.DiagnosticsManager]  [classpath + loader.0] file:/Users/sofia/Documents/rails/neoproject/db/neo4j/development/lib/neo4j-cypher-compiler-3.1-3.1.8.jar
2018-08-24 23:23:38.579+0000 INFO [o.n.k.i.DiagnosticsManager]  [classpath + loader.0] file:/Users/sofia/Documents/rails/neoproject/db/neo4j/development/conf/
2018-08-24 23:23:38.579+0000 INFO [o.n.k.i.DiagnosticsManager]  [classpath + loader.0] file:/Users/sofia/Documents/rails/neoproject/db/neo4j/development/lib/neo4j-kernel-3.4.1.jar
2018-08-24 23:23:38.579+0000 INFO [o.n.k.i.DiagnosticsManager]  [bootstrap] /Library/Java/JavaVirtualMachines/jdk1.8.0_181.jdk/Contents/Home/jre/lib/jfr.jar
2018-08-24 23:23:38.579+0000 INFO [o.n.k.i.DiagnosticsManager]  [classpath + loader.0] file:/Users/sofia/Documents/rails/neoproject/db/neo4j/development/lib/neo4j-browser-3.1.14.jar
2018-08-24 23:23:38.579+0000 INFO [o.n.k.i.DiagnosticsManager]  [classpath + loader.0] file:/Users/sofia/Documents/rails/neoproject/db/neo4j/development/lib/neo4j-udc-3.4.1.jar
2018-08-24 23:23:38.579+0000 INFO [o.n.k.i.DiagnosticsManager]  [bootstrap] /Library/Java/JavaVirtualMachines/jdk1.8.0_181.jdk/Contents/Home/jre/lib/sunrsasign.jar
2018-08-24 23:23:38.579+0000 INFO [o.n.k.i.DiagnosticsManager]  [classpath + loader.0] file:/Users/sofia/Documents/rails/neoproject/db/neo4j/development/lib/neo4j-cypher-planner-3.4-3.4.1.jar
2018-08-24 23:23:38.579+0000 INFO [o.n.k.i.DiagnosticsManager]  [classpath + loader.0] file:/Users/sofia/Documents/rails/neoproject/db/neo4j/development/lib/commons-text-1.3.jar
2018-08-24 23:23:38.579+0000 INFO [o.n.k.i.DiagnosticsManager]  [classpath + loader.0] file:/Users/sofia/Documents/rails/neoproject/db/neo4j/development/lib/neo4j-procedure-api-3.4.1.jar
2018-08-24 23:23:38.579+0000 INFO [o.n.k.i.DiagnosticsManager]  [bootstrap] /Library/Java/JavaVirtualMachines/jdk1.8.0_181.jdk/Contents/Home/jre/lib/jsse.jar
2018-08-24 23:23:38.579+0000 INFO [o.n.k.i.DiagnosticsManager]  [classpath + loader.0] file:/Users/sofia/Documents/rails/neoproject/db/neo4j/development/lib/neo4j-security-3.4.1.jar
2018-08-24 23:23:38.579+0000 INFO [o.n.k.i.DiagnosticsManager]  [classpath + loader.0] file:/Users/sofia/Documents/rails/neoproject/db/neo4j/development/lib/bcprov-jdk15on-1.59.jar
2018-08-24 23:23:38.579+0000 INFO [o.n.k.i.DiagnosticsManager]  [classpath + loader.0] file:/Users/sofia/Documents/rails/neoproject/db/neo4j/development/lib/neo4j-lucene-upgrade-3.4.1.jar
2018-08-24 23:23:38.579+0000 INFO [o.n.k.i.DiagnosticsManager]  [classpath + loader.0] file:/Users/sofia/Documents/rails/neoproject/db/neo4j/development/lib/neo4j-cypher-compiler-3.3-3.3.5.jar
2018-08-24 23:23:38.580+0000 INFO [o.n.k.i.DiagnosticsManager]  [classpath + loader.0] file:/Users/sofia/Documents/rails/neoproject/db/neo4j/development/lib/objenesis-2.6.jar
2018-08-24 23:23:38.580+0000 INFO [o.n.k.i.DiagnosticsManager]  [classpath + loader.0] file:/Users/sofia/Documents/rails/neoproject/db/neo4j/development/lib/jPowerShell-1.9.jar
2018-08-24 23:23:38.580+0000 INFO [o.n.k.i.DiagnosticsManager]  [classpath + loader.0] file:/Users/sofia/Documents/rails/neoproject/db/neo4j/development/lib/commons-lang3-3.7.jar
2018-08-24 23:23:38.580+0000 INFO [o.n.k.i.DiagnosticsManager]  [classpath + loader.0] file:/Users/sofia/Documents/rails/neoproject/db/neo4j/development/lib/javax.servlet-api-3.1.0.jar
2018-08-24 23:23:38.580+0000 INFO [o.n.k.i.DiagnosticsManager]  [classpath + loader.0] file:/Users/sofia/Documents/rails/neoproject/db/neo4j/development/lib/jersey-core-1.19.3.jar
2018-08-24 23:23:38.580+0000 INFO [o.n.k.i.DiagnosticsManager]  [classpath + loader.0] file:/Users/sofia/Documents/rails/neoproject/db/neo4j/development/lib/jetty-http-9.4.8.v20171121.jar
2018-08-24 23:23:38.580+0000 INFO [o.n.k.i.DiagnosticsManager]  [classpath + loader.0] file:/Users/sofia/Documents/rails/neoproject/db/neo4j/development/lib/neo4j-cypher-logical-plans-3.3-3.3.5.jar
2018-08-24 23:23:38.580+0000 INFO [o.n.k.i.DiagnosticsManager]  [classpath + loader.0] file:/Users/sofia/Documents/rails/neoproject/db/neo4j/development/lib/neo4j-command-line-3.4.1.jar
2018-08-24 23:23:38.580+0000 INFO [o.n.k.i.DiagnosticsManager]  [classpath + loader.0] file:/Users/sofia/Documents/rails/neoproject/db/neo4j/development/lib/neo4j-logging-3.4.1.jar
2018-08-24 23:23:38.580+0000 INFO [o.n.k.i.DiagnosticsManager]  [classpath + loader.0] file:/Users/sofia/Documents/rails/neoproject/db/neo4j/development/lib/neo4j-dbms-3.4.1.jar
2018-08-24 23:23:38.580+0000 INFO [o.n.k.i.DiagnosticsManager]  [bootstrap] /Library/Java/JavaVirtualMachines/jdk1.8.0_181.jdk/Contents/Home/jre/classes
2018-08-24 23:23:38.580+0000 INFO [o.n.k.i.DiagnosticsManager]  [classpath + loader.0] file:/Users/sofia/Documents/rails/neoproject/db/neo4j/development/lib/neo4j-cypher-ir-3.4-3.4.1.jar
2018-08-24 23:23:38.580+0000 INFO [o.n.k.i.DiagnosticsManager]  [classpath + loader.0] file:/Users/sofia/Documents/rails/neoproject/db/neo4j/development/lib/jetty-xml-9.4.8.v20171121.jar
2018-08-24 23:23:38.580+0000 INFO [o.n.k.i.DiagnosticsManager]  [classpath + loader.0] file:/Users/sofia/Documents/rails/neoproject/db/neo4j/development/lib/netty-all-4.1.24.Final.jar
2018-08-24 23:23:38.580+0000 INFO [o.n.k.i.DiagnosticsManager]  [classpath + loader.0] file:/Users/sofia/Documents/rails/neoproject/db/neo4j/development/lib/neo4j-ssl-3.4.1.jar
2018-08-24 23:23:38.580+0000 INFO [o.n.k.i.DiagnosticsManager]  [bootstrap] /Library/Java/JavaVirtualMachines/jdk1.8.0_181.jdk/Contents/Home/jre/lib/jce.jar
2018-08-24 23:23:38.580+0000 INFO [o.n.k.i.DiagnosticsManager]  [classpath + loader.0] file:/Users/sofia/Documents/rails/neoproject/db/neo4j/development/lib/parboiled-core-1.1.7.jar
2018-08-24 23:23:38.580+0000 INFO [o.n.k.i.DiagnosticsManager]  [classpath + loader.0] file:/Users/sofia/Documents/rails/neoproject/db/neo4j/development/lib/openCypher-frontend-1-3.4.1.jar
2018-08-24 23:23:38.580+0000 INFO [o.n.k.i.DiagnosticsManager]  [classpath + loader.0] file:/Users/sofia/Documents/rails/neoproject/db/neo4j/development/lib/bcpkix-jdk15on-1.59.jar
2018-08-24 23:23:38.581+0000 INFO [o.n.k.i.DiagnosticsManager]  [classpath + loader.0] file:/Users/sofia/Documents/rails/neoproject/db/neo4j/development/lib/neo4j-cypher-interpreted-runtime-3.4.1.jar
2018-08-24 23:23:38.581+0000 INFO [o.n.k.i.DiagnosticsManager]  [classpath + loader.0] file:/Users/sofia/Documents/rails/neoproject/db/neo4j/development/lib/neo4j-configuration-3.4.1.jar
2018-08-24 23:23:38.581+0000 INFO [o.n.k.i.DiagnosticsManager]  [classpath + loader.0] file:/Users/sofia/Documents/rails/neoproject/db/neo4j/development/lib/neo4j-lucene-index-3.4.1.jar
2018-08-24 23:23:38.581+0000 INFO [o.n.k.i.DiagnosticsManager]  [classpath + loader.0] file:/Users/sofia/Documents/rails/neoproject/db/neo4j/development/lib/neo4j-primitive-collections-3.4.1.jar
2018-08-24 23:23:38.581+0000 INFO [o.n.k.i.DiagnosticsManager]  [classpath + loader.0] file:/Users/sofia/Documents/rails/neoproject/db/neo4j/development/lib/neo4j-spatial-index-3.4.1.jar
2018-08-24 23:23:38.581+0000 INFO [o.n.k.i.DiagnosticsManager]  [classpath + loader.0] file:/Users/sofia/Documents/rails/neoproject/db/neo4j/development/lib/jetty-server-9.4.8.v20171121.jar
2018-08-24 23:23:38.581+0000 INFO [o.n.k.i.DiagnosticsManager]  [classpath + loader.0] file:/Users/sofia/Documents/rails/neoproject/db/neo4j/development/lib/jProcesses-1.6.4.jar
2018-08-24 23:23:38.581+0000 INFO [o.n.k.i.DiagnosticsManager]  [classpath + loader.0] file:/Users/sofia/Documents/rails/neoproject/db/neo4j/development/lib/neo4j-cypher-ir-3.3-3.3.5.jar
2018-08-24 23:23:38.581+0000 INFO [o.n.k.i.DiagnosticsManager]  [classpath + loader.0] file:/Users/sofia/Documents/rails/neoproject/db/neo4j/development/lib/jackson-jaxrs-1.9.13.jar
2018-08-24 23:23:38.581+0000 INFO [o.n.k.i.DiagnosticsManager]  [classpath + loader.0] file:/Users/sofia/Documents/rails/neoproject/db/neo4j/development/lib/neo4j-collections-3.4.1.jar
2018-08-24 23:23:38.581+0000 INFO [o.n.k.i.DiagnosticsManager]  [loader.1] file:/Library/Java/JavaVirtualMachines/jdk1.8.0_181.jdk/Contents/Home/jre/lib/ext/localedata.jar
2018-08-24 23:23:38.581+0000 INFO [o.n.k.i.DiagnosticsManager]  [classpath + loader.0] file:/Users/sofia/Documents/rails/neoproject/db/neo4j/development/lib/neo4j-resource-3.4.1.jar
2018-08-24 23:23:38.581+0000 INFO [o.n.k.i.DiagnosticsManager]  [loader.1] file:/Library/Java/JavaVirtualMachines/jdk1.8.0_181.jdk/Contents/Home/jre/lib/ext/sunpkcs11.jar
2018-08-24 23:23:38.581+0000 INFO [o.n.k.i.DiagnosticsManager]  [classpath + loader.0] file:/Users/sofia/Documents/rails/neoproject/db/neo4j/development/lib/WMI4Java-1.6.1.jar
2018-08-24 23:23:38.581+0000 INFO [o.n.k.i.DiagnosticsManager]  [classpath + loader.0] file:/Users/sofia/Documents/rails/neoproject/db/neo4j/development/lib/jetty-servlet-9.4.8.v20171121.jar
2018-08-24 23:23:38.581+0000 INFO [o.n.k.i.DiagnosticsManager]  [classpath + loader.0] file:/Users/sofia/Documents/rails/neoproject/db/neo4j/development/lib/neo4j-cypher-frontend-2.3-2.3.12.jar
2018-08-24 23:23:38.582+0000 INFO [o.n.k.i.DiagnosticsManager]  [classpath + loader.0] file:/Users/sofia/Documents/rails/neoproject/db/neo4j/development/lib/neo4j-cypher-frontend-3.3-3.3.5.jar
2018-08-24 23:23:38.582+0000 INFO [o.n.k.i.DiagnosticsManager]  [classpath + loader.0] file:/Library/Java/JavaVirtualMachines/jdk1.8.0_181.jdk/Contents/Home/lib/tools.jar
2018-08-24 23:23:38.582+0000 INFO [o.n.k.i.DiagnosticsManager]  [classpath + loader.0] file:/Users/sofia/Documents/rails/neoproject/db/neo4j/development/lib/commons-configuration-1.10.jar
2018-08-24 23:23:38.582+0000 INFO [o.n.k.i.DiagnosticsManager]  [classpath + loader.0] file:/Users/sofia/Documents/rails/neoproject/db/neo4j/development/lib/neo4j-shell-3.4.1.jar
2018-08-24 23:23:38.582+0000 INFO [o.n.k.i.DiagnosticsManager]  [classpath + loader.0] file:/Users/sofia/Documents/rails/neoproject/db/neo4j/development/lib/jetty-security-9.4.8.v20171121.jar
2018-08-24 23:23:38.582+0000 INFO [o.n.k.i.DiagnosticsManager]  [classpath + loader.0] file:/Users/sofia/Documents/rails/neoproject/db/neo4j/development/lib/neo4j-cypher-runtime-util-3.4.1.jar
2018-08-24 23:23:38.582+0000 INFO [o.n.k.i.DiagnosticsManager]  [classpath + loader.0] file:/Users/sofia/Documents/rails/neoproject/db/neo4j/development/lib/lucene-core-5.5.5.jar
2018-08-24 23:23:38.582+0000 INFO [o.n.k.i.DiagnosticsManager]  [classpath + loader.0] file:/Users/sofia/Documents/rails/neoproject/db/neo4j/development/lib/jline-2.12.jar
2018-08-24 23:23:38.582+0000 INFO [o.n.k.i.DiagnosticsManager]  [classpath + loader.0] file:/Users/sofia/Documents/rails/neoproject/db/neo4j/development/lib/neo4j-graph-algo-3.4.1.jar
2018-08-24 23:23:38.582+0000 INFO [o.n.k.i.DiagnosticsManager]  [classpath + loader.0] file:/Users/sofia/Documents/rails/neoproject/db/neo4j/development/lib/jackson-mapper-asl-1.9.13.jar
2018-08-24 23:23:38.582+0000 INFO [o.n.k.i.DiagnosticsManager]  [classpath + loader.0] file:/Users/sofia/Documents/rails/neoproject/db/neo4j/development/lib/jersey-server-1.19.3.jar
2018-08-24 23:23:38.582+0000 INFO [o.n.k.i.DiagnosticsManager]  [classpath + loader.0] file:/Users/sofia/Documents/rails/neoproject/db/neo4j/development/lib/neo4j-common-3.4.1.jar
2018-08-24 23:23:38.582+0000 INFO [o.n.k.i.DiagnosticsManager]  [loader.1] file:/Library/Java/JavaVirtualMachines/jdk1.8.0_181.jdk/Contents/Home/jre/lib/ext/sunec.jar
2018-08-24 23:23:38.582+0000 INFO [o.n.k.i.DiagnosticsManager]  [loader.1] file:/Library/Java/JavaVirtualMachines/jdk1.8.0_181.jdk/Contents/Home/jre/lib/ext/cldrdata.jar
2018-08-24 23:23:38.582+0000 INFO [o.n.k.i.DiagnosticsManager]  [classpath + loader.0] file:/Users/sofia/Documents/rails/neoproject/db/neo4j/development/lib/neo4j-cypher-util-3.4-3.4.1.jar
2018-08-24 23:23:38.583+0000 INFO [o.n.k.i.DiagnosticsManager]  [classpath + loader.0] file:/Users/sofia/Documents/rails/neoproject/db/neo4j/development/lib/neo4j-csv-3.4.1.jar
2018-08-24 23:23:38.583+0000 INFO [o.n.k.i.DiagnosticsManager]  [classpath + loader.0] file:/Users/sofia/Documents/rails/neoproject/db/neo4j/development/lib/neo4j-server-3.4.1.jar
2018-08-24 23:23:38.583+0000 INFO [o.n.k.i.DiagnosticsManager]  [classpath + loader.0] file:/Users/sofia/Documents/rails/neoproject/db/neo4j/development/lib/opencsv-2.3.jar
2018-08-24 23:23:38.583+0000 INFO [o.n.k.i.DiagnosticsManager]  [classpath + loader.0] file:/Users/sofia/Documents/rails/neoproject/db/neo4j/development/lib/neo4j-io-3.4.1.jar
2018-08-24 23:23:38.583+0000 INFO [o.n.k.i.DiagnosticsManager]  [classpath + loader.0] file:/Users/sofia/Documents/rails/neoproject/db/neo4j/development/lib/neo4j-cypher-3.4.1.jar
2018-08-24 23:23:38.583+0000 INFO [o.n.k.i.DiagnosticsManager]  [loader.1] file:/System/Library/Java/Extensions/MRJToolkit.jar
2018-08-24 23:23:38.583+0000 INFO [o.n.k.i.DiagnosticsManager]  [classpath + loader.0] file:/Users/sofia/Documents/rails/neoproject/db/neo4j/development/lib/commons-compress-1.16.1.jar
2018-08-24 23:23:38.583+0000 INFO [o.n.k.i.DiagnosticsManager]  [classpath + loader.0] file:/Users/sofia/Documents/rails/neoproject/db/neo4j/development/lib/neo4j-bolt-3.4.1.jar
2018-08-24 23:23:38.583+0000 INFO [o.n.k.i.DiagnosticsManager]  [classpath + loader.0] file:/Users/sofia/Documents/rails/neoproject/db/neo4j/development/lib/lucene-codecs-5.5.5.jar
2018-08-24 23:23:38.583+0000 INFO [o.n.k.i.DiagnosticsManager]  [classpath + loader.0] file:/Users/sofia/Documents/rails/neoproject/db/neo4j/development/lib/neo4j-jmx-3.4.1.jar
2018-08-24 23:23:38.583+0000 INFO [o.n.k.i.DiagnosticsManager]  [classpath + loader.0] file:/Users/sofia/Documents/rails/neoproject/db/neo4j/development/lib/jetty-webapp-9.4.8.v20171121.jar
2018-08-24 23:23:38.583+0000 INFO [o.n.k.i.DiagnosticsManager]  [classpath + loader.0] file:/Users/sofia/Documents/rails/neoproject/db/neo4j/development/lib/lucene-queryparser-5.5.5.jar
2018-08-24 23:23:38.583+0000 INFO [o.n.k.i.DiagnosticsManager]  [bootstrap] /Library/Java/JavaVirtualMachines/jdk1.8.0_181.jdk/Contents/Home/jre/lib/charsets.jar
2018-08-24 23:23:38.583+0000 INFO [o.n.k.i.DiagnosticsManager]  [loader.1] file:/Library/Java/JavaVirtualMachines/jdk1.8.0_181.jdk/Contents/Home/jre/lib/ext/zipfs.jar
2018-08-24 23:23:38.584+0000 INFO [o.n.k.i.DiagnosticsManager]  [classpath + loader.0] file:/Users/sofia/Documents/rails/neoproject/db/neo4j/development/lib/commons-io-2.6.jar
2018-08-24 23:23:38.584+0000 INFO [o.n.k.i.DiagnosticsManager]  [classpath + loader.0] file:/Users/sofia/Documents/rails/neoproject/db/neo4j/development/lib/neo4j-cypher-planner-spi-3.4-3.4.1.jar
2018-08-24 23:23:38.584+0000 INFO [o.n.k.i.DiagnosticsManager]  [loader.1] file:/Library/Java/JavaVirtualMachines/jdk1.8.0_181.jdk/Contents/Home/jre/lib/ext/jfxrt.jar
2018-08-24 23:23:38.584+0000 INFO [o.n.k.i.DiagnosticsManager]  [classpath + loader.0] file:/Users/sofia/Documents/rails/neoproject/db/neo4j/development/lib/neo4j-import-tool-3.4.1.jar
2018-08-24 23:23:38.584+0000 INFO [o.n.k.i.DiagnosticsManager]  [bootstrap] /Library/Java/JavaVirtualMachines/jdk1.8.0_181.jdk/Contents/Home/jre/lib/rt.jar
2018-08-24 23:23:38.584+0000 INFO [o.n.k.i.DiagnosticsManager]  [classpath + loader.0] file:/Users/sofia/Documents/rails/neoproject/db/neo4j/development/lib/neo4j-kernel-api-3.4.1.jar
2018-08-24 23:23:38.584+0000 INFO [o.n.k.i.DiagnosticsManager]  [classpath + loader.0] file:/Users/sofia/Documents/rails/neoproject/db/neo4j/development/lib/parboiled-scala_2.11-1.1.7.jar
2018-08-24 23:23:38.584+0000 INFO [o.n.k.i.DiagnosticsManager]  [classpath + loader.0] file:/Users/sofia/Documents/rails/neoproject/db/neo4j/development/lib/rhino-1.7.9.jar
2018-08-24 23:23:38.584+0000 INFO [o.n.k.i.DiagnosticsManager]  [loader.1] file:/Library/Java/JavaVirtualMachines/jdk1.8.0_181.jdk/Contents/Home/jre/lib/ext/jaccess.jar
2018-08-24 23:23:38.584+0000 INFO [o.n.k.i.DiagnosticsManager]  [classpath + loader.0] file:/Users/sofia/Documents/rails/neoproject/db/neo4j/development/lib/jackson-core-asl-1.9.13.jar
2018-08-24 23:23:38.584+0000 INFO [o.n.k.i.DiagnosticsManager]  [classpath + loader.0] file:/Users/sofia/Documents/rails/neoproject/db/neo4j/development/lib/server-api-3.4.1.jar
2018-08-24 23:23:38.585+0000 INFO [o.n.k.i.DiagnosticsManager]  [classpath + loader.0] file:/Users/sofia/Documents/rails/neoproject/db/neo4j/development/lib/neo4j-graphdb-api-3.4.1.jar
2018-08-24 23:23:38.585+0000 INFO [o.n.k.i.DiagnosticsManager]  [classpath + loader.0] file:/Users/sofia/Documents/rails/neoproject/db/neo4j/development/lib/neo4j-cypher-compiler-2.3-2.3.12.jar
2018-08-24 23:23:38.585+0000 INFO [o.n.k.i.DiagnosticsManager]  [classpath + loader.0] file:/Users/sofia/Documents/rails/neoproject/db/neo4j/development/lib/scala-reflect-2.11.12.jar
2018-08-24 23:23:38.585+0000 INFO [o.n.k.i.DiagnosticsManager]  [loader.1] file:/Library/Java/JavaVirtualMachines/jdk1.8.0_181.jdk/Contents/Home/jre/lib/ext/nashorn.jar
2018-08-24 23:23:38.585+0000 INFO [o.n.k.i.DiagnosticsManager]  [classpath + loader.0] file:/Users/sofia/Documents/rails/neoproject/db/neo4j/development/lib/neo4j-codegen-3.4.1.jar
2018-08-24 23:23:38.585+0000 INFO [o.n.k.i.DiagnosticsManager]  [classpath + loader.0] file:/Users/sofia/Documents/rails/neoproject/db/neo4j/development/lib/neo4j-values-3.4.1.jar
2018-08-24 23:23:38.585+0000 INFO [o.n.k.i.DiagnosticsManager]  [classpath + loader.0] file:/Users/sofia/Documents/rails/neoproject/db/neo4j/development/lib/neo4j-consistency-check-3.4.1.jar
2018-08-24 23:23:38.585+0000 INFO [o.n.k.i.DiagnosticsManager]  [classpath + loader.0] file:/Users/sofia/Documents/rails/neoproject/db/neo4j/development/lib/jersey-servlet-1.19.3.jar
2018-08-24 23:23:38.585+0000 INFO [o.n.k.i.DiagnosticsManager]  [classpath + loader.0] file:/Users/sofia/Documents/rails/neoproject/db/neo4j/development/lib/scala-library-2.11.12.jar
2018-08-24 23:23:38.585+0000 INFO [o.n.k.i.DiagnosticsManager]  [classpath + loader.0] file:/Users/sofia/Documents/rails/neoproject/db/neo4j/development/lib/jetty-io-9.4.8.v20171121.jar
2018-08-24 23:23:38.585+0000 INFO [o.n.k.i.DiagnosticsManager]  [classpath + loader.0] file:/Users/sofia/Documents/rails/neoproject/db/neo4j/development/lib/neo4j-unsafe-3.4.1.jar
2018-08-24 23:23:38.586+0000 INFO [o.n.k.i.DiagnosticsManager]  [classpath + loader.0] file:/Users/sofia/Documents/rails/neoproject/db/neo4j/development/plugins/
2018-08-24 23:23:38.586+0000 INFO [o.n.k.i.DiagnosticsManager]  [classpath + loader.0] file:/Users/sofia/Documents/rails/neoproject/db/neo4j/development/lib/neo4j-cypher-frontend-3.1-3.1.8.jar
2018-08-24 23:23:38.586+0000 INFO [o.n.k.i.DiagnosticsManager]  [classpath + loader.0] file:/Users/sofia/Documents/rails/neoproject/db/neo4j/development/lib/jetty-util-9.4.8.v20171121.jar
2018-08-24 23:23:38.586+0000 INFO [o.n.k.i.DiagnosticsManager]  [classpath + loader.0] file:/Users/sofia/Documents/rails/neoproject/db/neo4j/development/lib/neo4j-cypher-logical-plans-3.4-3.4.1.jar
2018-08-24 23:23:38.586+0000 INFO [o.n.k.i.DiagnosticsManager]  [classpath + loader.0] file:/Users/sofia/Documents/rails/neoproject/db/neo4j/development/lib/neo4j-index-3.4.1.jar
2018-08-24 23:23:38.586+0000 INFO [o.n.k.i.DiagnosticsManager]  [bootstrap] /Library/Java/JavaVirtualMachines/jdk1.8.0_181.jdk/Contents/Home/jre/lib/resources.jar
2018-08-24 23:23:38.586+0000 INFO [o.n.k.i.DiagnosticsManager] Library path:
2018-08-24 23:23:38.587+0000 INFO [o.n.k.i.DiagnosticsManager] /Users/sofia/Library/Java/Extensions
2018-08-24 23:23:38.587+0000 INFO [o.n.k.i.DiagnosticsManager] /Library/Java/Extensions
2018-08-24 23:23:38.587+0000 INFO [o.n.k.i.DiagnosticsManager] /Network/Library/Java/Extensions
2018-08-24 23:23:38.587+0000 INFO [o.n.k.i.DiagnosticsManager] /System/Library/Java/Extensions
2018-08-24 23:23:38.587+0000 INFO [o.n.k.i.DiagnosticsManager] /usr/lib/java
2018-08-24 23:23:38.588+0000 INFO [o.n.k.i.DiagnosticsManager] /Users/sofia/Documents/rails/neoproject
2018-08-24 23:23:38.588+0000 INFO [o.n.k.i.DiagnosticsManager] System.properties:
2018-08-24 23:23:38.588+0000 INFO [o.n.k.i.DiagnosticsManager] sun.boot.library.path = /Library/Java/JavaVirtualMachines/jdk1.8.0_181.jdk/Contents/Home/jre/lib
2018-08-24 23:23:38.588+0000 INFO [o.n.k.i.DiagnosticsManager] jdk.tls.rejectClientInitiatedRenegotiation = true
2018-08-24 23:23:38.588+0000 INFO [o.n.k.i.DiagnosticsManager] gopherProxySet = false
2018-08-24 23:23:38.588+0000 INFO [o.n.k.i.DiagnosticsManager] path.separator = :
2018-08-24 23:23:38.588+0000 INFO [o.n.k.i.DiagnosticsManager] file.encoding.pkg = sun.io
2018-08-24 23:23:38.588+0000 INFO [o.n.k.i.DiagnosticsManager] user.country = US
2018-08-24 23:23:38.589+0000 INFO [o.n.k.i.DiagnosticsManager] sun.java.launcher = SUN_STANDARD
2018-08-24 23:23:38.589+0000 INFO [o.n.k.i.DiagnosticsManager] sun.os.patch.level = unknown
2018-08-24 23:23:38.589+0000 INFO [o.n.k.i.DiagnosticsManager] user.dir = /Users/sofia/Documents/rails/neoproject
2018-08-24 23:23:38.589+0000 INFO [o.n.k.i.DiagnosticsManager] sun.jnu.encoding = UTF-8
2018-08-24 23:23:38.589+0000 INFO [o.n.k.i.DiagnosticsManager] unsupported.dbms.udc.source = tarball
2018-08-24 23:23:38.589+0000 INFO [o.n.k.i.DiagnosticsManager] sun.management.compiler = HotSpot 64-Bit Tiered Compilers
2018-08-24 23:23:38.589+0000 INFO [o.n.k.i.DiagnosticsManager] http.nonProxyHosts = local|*.local|169.254/16|*.169.254/16
2018-08-24 23:23:38.589+0000 INFO [o.n.k.i.DiagnosticsManager] user.home = /Users/sofia
2018-08-24 23:23:38.589+0000 INFO [o.n.k.i.DiagnosticsManager] user.timezone = America/Lima
2018-08-24 23:23:38.589+0000 INFO [o.n.k.i.DiagnosticsManager] file.encoding = UTF-8
2018-08-24 23:23:38.589+0000 INFO [o.n.k.i.DiagnosticsManager] user.name = sofia
2018-08-24 23:23:38.589+0000 INFO [o.n.k.i.DiagnosticsManager] sun.java.command = org.neo4j.server.CommunityEntryPoint --home-dir=/Users/sofia/Documents/rails/neoproject/db/neo4j/development --config-dir=/Users/sofia/Documents/rails/neoproject/db/neo4j/development/conf
2018-08-24 23:23:38.590+0000 INFO [o.n.k.i.DiagnosticsManager] sun.arch.data.model = 64
2018-08-24 23:23:38.590+0000 INFO [o.n.k.i.DiagnosticsManager] user.language = en
2018-08-24 23:23:38.590+0000 INFO [o.n.k.i.DiagnosticsManager] awt.toolkit = sun.lwawt.macosx.LWCToolkit
2018-08-24 23:23:38.590+0000 INFO [o.n.k.i.DiagnosticsManager] jdk.tls.ephemeralDHKeySize = 2048
2018-08-24 23:23:38.590+0000 INFO [o.n.k.i.DiagnosticsManager] file.separator = /
2018-08-24 23:23:38.590+0000 INFO [o.n.k.i.DiagnosticsManager] sun.io.unicode.encoding = UnicodeBig
2018-08-24 23:23:38.590+0000 INFO [o.n.k.i.DiagnosticsManager] sun.cpu.endian = little
2018-08-24 23:23:38.590+0000 INFO [o.n.k.i.DiagnosticsManager] socksNonProxyHosts = local|*.local|169.254/16|*.169.254/16
2018-08-24 23:23:38.590+0000 INFO [o.n.k.i.DiagnosticsManager] ftp.nonProxyHosts = local|*.local|169.254/16|*.169.254/16
2018-08-24 23:23:38.590+0000 INFO [o.n.k.i.DiagnosticsManager] sun.cpu.isalist = 
2018-08-24 23:23:38.590+0000 INFO [o.n.k.i.DiagnosticsManager] (IANA) TimeZone Database Version:
2018-08-24 23:23:38.640+0000 INFO [o.n.k.i.DiagnosticsManager]   TimeZone version: 2018e (available for 599 zone identifiers)
2018-08-24 23:23:38.640+0000 INFO [o.n.k.i.DiagnosticsManager] Network information:
2018-08-24 23:23:38.646+0000 INFO [o.n.k.i.DiagnosticsManager] Interface utun0:
2018-08-24 23:23:38.646+0000 INFO [o.n.k.i.DiagnosticsManager]     address: fe80:0:0:0:f5ba:4898:4078:ca52%utun0
2018-08-24 23:23:38.647+0000 INFO [o.n.k.i.DiagnosticsManager] Interface en1:
2018-08-24 23:23:38.647+0000 INFO [o.n.k.i.DiagnosticsManager]     address: fe80:0:0:0:1823:ca59:879:5f91%en1
2018-08-24 23:23:38.647+0000 INFO [o.n.k.i.DiagnosticsManager]     address: 192.168.10.11
2018-08-24 23:23:38.647+0000 INFO [o.n.k.i.DiagnosticsManager] Interface lo0:
2018-08-24 23:23:38.647+0000 INFO [o.n.k.i.DiagnosticsManager]     address: fe80:0:0:0:0:0:0:1%lo0
2018-08-24 23:23:38.647+0000 INFO [o.n.k.i.DiagnosticsManager]     address: 0:0:0:0:0:0:0:1%lo0
2018-08-24 23:23:38.647+0000 INFO [o.n.k.i.DiagnosticsManager]     address: 10.255.1.1
2018-08-24 23:23:38.647+0000 INFO [o.n.k.i.DiagnosticsManager]     address: 127.0.0.1
2018-08-24 23:23:38.647+0000 INFO [o.n.k.i.DiagnosticsManager] --- INITIALIZED diagnostics END ---
2018-08-24 23:23:39.515+0000 INFO [o.n.b.BoltKernelExtension] Bolt Server extension loaded.
2018-08-24 23:23:39.805+0000 INFO [o.n.k.i.s.f.RecordFormatSelector] Selected format 'RecordFormat:StandardV3_4[v0.A.9]' for the new store
2018-08-24 23:23:40.245+0000 INFO [o.n.k.i.i.l.NativeLabelScanStore] No scan store found, this might just be first use. Preparing to rebuild.
2018-08-24 23:23:40.287+0000 INFO [o.n.k.NeoStoreDataSource] Rotated to transaction log [/Users/sofia/Documents/rails/neoproject/db/neo4j/development/data/databases/graph.db/neostore.transaction.db.0] version=0, last transaction in previous log=1
2018-08-24 23:23:40.289+0000 INFO [o.n.k.NeoStoreDataSource] No commits found after last check point (which is at <no log position given>)
2018-08-24 23:23:40.308+0000 WARN [o.n.k.i.s.MetaDataStore] Missing counts store, rebuilding it.
2018-08-24 23:23:40.419+0000 WARN [o.n.k.i.s.MetaDataStore] Counts store rebuild completed.
2018-08-24 23:23:40.437+0000 INFO [o.n.k.i.i.l.NativeLabelScanStore] Rebuilding scan store, this may take a while
2018-08-24 23:23:40.445+0000 INFO [o.n.k.i.i.l.NativeLabelScanStore] Scan store rebuilt (roughly 0 nodes)
2018-08-24 23:23:40.469+0000 INFO [o.n.k.i.DatabaseHealth] Database health set to OK
2018-08-24 23:23:41.048+0000 INFO [o.n.b.BoltKernelExtension] Bolt enabled on localhost:6998.
2018-08-24 23:23:41.067+0000 INFO [o.n.k.AvailabilityGuard] Fulfilling of requirement makes database available: Database available
2018-08-24 23:23:41.068+0000 INFO [o.n.k.i.f.GraphDatabaseFacadeFactory] Database is now ready
2018-08-24 23:23:41.070+0000 INFO [o.n.k.i.DiagnosticsManager] --- STARTED diagnostics for KernelDiagnostics:Versions START ---
2018-08-24 23:23:41.070+0000 INFO [o.n.k.i.DiagnosticsManager] Graph Database: community single StoreId{creationTime=1535153020088, randomId=-3598266497015108853, storeVersion=16094931155187206, upgradeTime=1535153020088, upgradeId=1}
2018-08-24 23:23:41.071+0000 INFO [o.n.k.i.DiagnosticsManager] Kernel version: 3.4.1,bf2fd1991decc5b49b63105e793230f19ccf6f15
2018-08-24 23:23:41.071+0000 INFO [o.n.k.i.DiagnosticsManager] --- STARTED diagnostics for KernelDiagnostics:Versions END ---
2018-08-24 23:23:41.076+0000 INFO [o.n.k.i.DiagnosticsManager] --- STARTED diagnostics for NEO_STORE_VERSIONS START ---
2018-08-24 23:23:41.076+0000 INFO [o.n.k.i.DiagnosticsManager] Store versions:
2018-08-24 23:23:41.076+0000 INFO [o.n.k.i.DiagnosticsManager] Store versions:
2018-08-24 23:23:41.077+0000 INFO [o.n.k.i.DiagnosticsManager]   ArrayPropertyStore v0.A.9
2018-08-24 23:23:41.077+0000 INFO [o.n.k.i.DiagnosticsManager]   NodeStore v0.A.9
2018-08-24 23:23:41.077+0000 INFO [o.n.k.i.DiagnosticsManager]   StringPropertyStore v0.A.9
2018-08-24 23:23:41.077+0000 INFO [o.n.k.i.DiagnosticsManager]   PropertyIndexStore v0.A.9
2018-08-24 23:23:41.078+0000 INFO [o.n.k.i.DiagnosticsManager]   StringPropertyStore v0.A.9
2018-08-24 23:23:41.078+0000 INFO [o.n.k.i.DiagnosticsManager]   ArrayPropertyStore v0.A.9
2018-08-24 23:23:41.078+0000 INFO [o.n.k.i.DiagnosticsManager]   PropertyStore v0.A.9
2018-08-24 23:23:41.078+0000 INFO [o.n.k.i.DiagnosticsManager]   RelationshipStore v0.A.9
2018-08-24 23:23:41.078+0000 INFO [o.n.k.i.DiagnosticsManager]   StringPropertyStore v0.A.9
2018-08-24 23:23:41.078+0000 INFO [o.n.k.i.DiagnosticsManager]   RelationshipTypeStore v0.A.9
2018-08-24 23:23:41.078+0000 INFO [o.n.k.i.DiagnosticsManager]   StringPropertyStore v0.A.9
2018-08-24 23:23:41.079+0000 INFO [o.n.k.i.DiagnosticsManager]   LabelTokenStore v0.A.9
2018-08-24 23:23:41.079+0000 INFO [o.n.k.i.DiagnosticsManager]   SchemaStore v0.A.9
2018-08-24 23:23:41.079+0000 INFO [o.n.k.i.DiagnosticsManager]   RelationshipGroupStore v0.A.9
2018-08-24 23:23:41.079+0000 INFO [o.n.k.i.DiagnosticsManager]   NeoStore v0.A.9
2018-08-24 23:23:41.079+0000 INFO [o.n.k.i.DiagnosticsManager] --- STARTED diagnostics for NEO_STORE_VERSIONS END ---
2018-08-24 23:23:41.079+0000 INFO [o.n.k.i.DiagnosticsManager] --- STARTED diagnostics for NEO_STORE_ID_USAGE START ---
2018-08-24 23:23:41.079+0000 INFO [o.n.k.i.DiagnosticsManager] Id usage:
2018-08-24 23:23:41.079+0000 INFO [o.n.k.i.DiagnosticsManager] Id usage:
2018-08-24 23:23:41.080+0000 INFO [o.n.k.i.DiagnosticsManager]   ArrayPropertyStore: used=1 high=0
2018-08-24 23:23:41.081+0000 INFO [o.n.k.i.DiagnosticsManager]   NodeStore: used=0 high=-1
2018-08-24 23:23:41.082+0000 INFO [o.n.k.i.DiagnosticsManager]   StringPropertyStore: used=1 high=0
2018-08-24 23:23:41.082+0000 INFO [o.n.k.i.DiagnosticsManager]   PropertyIndexStore: used=0 high=-1
2018-08-24 23:23:41.082+0000 INFO [o.n.k.i.DiagnosticsManager]   StringPropertyStore: used=1 high=0
2018-08-24 23:23:41.083+0000 INFO [o.n.k.i.DiagnosticsManager]   ArrayPropertyStore: used=1 high=0
2018-08-24 23:23:41.084+0000 INFO [o.n.k.i.DiagnosticsManager]   PropertyStore: used=0 high=-1
2018-08-24 23:23:41.084+0000 INFO [o.n.k.i.DiagnosticsManager]   RelationshipStore: used=0 high=-1
2018-08-24 23:23:41.084+0000 INFO [o.n.k.i.DiagnosticsManager]   StringPropertyStore: used=1 high=0
2018-08-24 23:23:41.084+0000 INFO [o.n.k.i.DiagnosticsManager]   RelationshipTypeStore: used=0 high=-1
2018-08-24 23:23:41.085+0000 INFO [o.n.k.i.DiagnosticsManager]   StringPropertyStore: used=1 high=0
2018-08-24 23:23:41.087+0000 INFO [o.n.k.i.DiagnosticsManager]   LabelTokenStore: used=0 high=-1
2018-08-24 23:23:41.087+0000 INFO [o.n.k.i.DiagnosticsManager]   SchemaStore: used=1 high=0
2018-08-24 23:23:41.087+0000 INFO [o.n.k.i.DiagnosticsManager]   RelationshipGroupStore: used=1 high=0
2018-08-24 23:23:41.087+0000 INFO [o.n.k.i.DiagnosticsManager]   NeoStore: used=15 high=14
2018-08-24 23:23:41.088+0000 INFO [o.n.k.i.DiagnosticsManager] --- STARTED diagnostics for NEO_STORE_ID_USAGE END ---
2018-08-24 23:23:41.088+0000 INFO [o.n.k.i.DiagnosticsManager] --- STARTED diagnostics for NEO_STORE_RECORDS START ---
2018-08-24 23:23:41.088+0000 INFO [o.n.k.i.DiagnosticsManager] Neostore records:
2018-08-24 23:23:41.089+0000 INFO [o.n.k.i.DiagnosticsManager] TIME (Creation time): 1535153020088
2018-08-24 23:23:41.089+0000 INFO [o.n.k.i.DiagnosticsManager] RANDOM_NUMBER (Random number for store id): -3598266497015108853
2018-08-24 23:23:41.089+0000 INFO [o.n.k.i.DiagnosticsManager] LOG_VERSION (Current log version): 0
2018-08-24 23:23:41.089+0000 INFO [o.n.k.i.DiagnosticsManager] LAST_TRANSACTION_ID (Last committed transaction): 1
2018-08-24 23:23:41.090+0000 INFO [o.n.k.i.DiagnosticsManager] STORE_VERSION (Store format version): 16094931155187206
2018-08-24 23:23:41.090+0000 INFO [o.n.k.i.DiagnosticsManager] FIRST_GRAPH_PROPERTY (First property record containing graph properties): -1
2018-08-24 23:23:41.090+0000 INFO [o.n.k.i.DiagnosticsManager] LAST_CONSTRAINT_TRANSACTION (Last committed transaction containing constraint changes): 0
2018-08-24 23:23:41.090+0000 INFO [o.n.k.i.DiagnosticsManager] UPGRADE_TRANSACTION_ID (Transaction id most recent upgrade was performed at): 1
2018-08-24 23:23:41.090+0000 INFO [o.n.k.i.DiagnosticsManager] UPGRADE_TIME (Time of last upgrade): 1535153020088
2018-08-24 23:23:41.090+0000 INFO [o.n.k.i.DiagnosticsManager] LAST_TRANSACTION_CHECKSUM (Checksum of last committed transaction): 0
2018-08-24 23:23:41.090+0000 INFO [o.n.k.i.DiagnosticsManager] UPGRADE_TRANSACTION_CHECKSUM (Checksum of transaction id the most recent upgrade was performed at): 0
2018-08-24 23:23:41.091+0000 INFO [o.n.k.i.DiagnosticsManager] LAST_CLOSED_TRANSACTION_LOG_VERSION (Log version where the last transaction commit entry has been written into): 0
2018-08-24 23:23:41.091+0000 INFO [o.n.k.i.DiagnosticsManager] LAST_CLOSED_TRANSACTION_LOG_BYTE_OFFSET (Byte offset in the log file where the last transaction commit entry has been written into): 16
2018-08-24 23:23:41.091+0000 INFO [o.n.k.i.DiagnosticsManager] LAST_TRANSACTION_COMMIT_TIMESTAMP (Commit time timestamp for last committed transaction): 0
2018-08-24 23:23:41.091+0000 INFO [o.n.k.i.DiagnosticsManager] UPGRADE_TRANSACTION_COMMIT_TIMESTAMP (Commit timestamp of transaction the most recent upgrade was performed at): 0
2018-08-24 23:23:41.091+0000 INFO [o.n.k.i.DiagnosticsManager] --- STARTED diagnostics for NEO_STORE_RECORDS END ---
2018-08-24 23:23:41.093+0000 INFO [o.n.k.i.DiagnosticsManager] --- STARTED diagnostics for TRANSACTION_RANGE START ---
2018-08-24 23:23:41.093+0000 INFO [o.n.k.i.DiagnosticsManager] Transaction log:
2018-08-24 23:23:41.093+0000 INFO [o.n.k.i.DiagnosticsManager] No transactions found in any log
2018-08-24 23:23:41.094+0000 INFO [o.n.k.i.DiagnosticsManager] --- STARTED diagnostics for TRANSACTION_RANGE END ---
2018-08-24 23:23:41.095+0000 INFO [o.n.k.i.DiagnosticsManager] --- STARTED diagnostics for KernelDiagnostics:StoreFiles START ---
2018-08-24 23:23:41.095+0000 INFO [o.n.k.i.DiagnosticsManager] Disk space on partition (Total / Free / Free %): 498876809216 / 355010387968 / 71
2018-08-24 23:23:41.095+0000 INFO [o.n.k.i.DiagnosticsManager] Storage files: (filename : modification date - size)
2018-08-24 23:23:41.097+0000 INFO [o.n.k.i.DiagnosticsManager]   index:
2018-08-24 23:23:41.098+0000 INFO [o.n.k.i.DiagnosticsManager]   - Total: 2018-08-24T18:23:40-0500 - 0.00 B
2018-08-24 23:23:41.099+0000 INFO [o.n.k.i.DiagnosticsManager]   neostore: 2018-08-24T18:23:40-0500 - 8.00 kB
2018-08-24 23:23:41.100+0000 INFO [o.n.k.i.DiagnosticsManager]   neostore.counts.db.a: 2018-08-24T18:23:40-0500 - 96.00 B
2018-08-24 23:23:41.100+0000 INFO [o.n.k.i.DiagnosticsManager]   neostore.id: 2018-08-24T18:23:40-0500 - 9.00 B
2018-08-24 23:23:41.100+0000 INFO [o.n.k.i.DiagnosticsManager]   neostore.labelscanstore.db: 2018-08-24T18:23:40-0500 - 40.00 kB
2018-08-24 23:23:41.101+0000 INFO [o.n.k.i.DiagnosticsManager]   neostore.labeltokenstore.db: 2018-08-24T18:23:40-0500 - 0.00 B
2018-08-24 23:23:41.101+0000 INFO [o.n.k.i.DiagnosticsManager]   neostore.labeltokenstore.db.id: 2018-08-24T18:23:40-0500 - 9.00 B
2018-08-24 23:23:41.101+0000 INFO [o.n.k.i.DiagnosticsManager]   neostore.labeltokenstore.db.names: 2018-08-24T18:23:40-0500 - 8.00 kB
2018-08-24 23:23:41.102+0000 INFO [o.n.k.i.DiagnosticsManager]   neostore.labeltokenstore.db.names.id: 2018-08-24T18:23:40-0500 - 9.00 B
2018-08-24 23:23:41.102+0000 INFO [o.n.k.i.DiagnosticsManager]   neostore.nodestore.db: 2018-08-24T18:23:39-0500 - 0.00 B
2018-08-24 23:23:41.102+0000 INFO [o.n.k.i.DiagnosticsManager]   neostore.nodestore.db.id: 2018-08-24T18:23:39-0500 - 9.00 B
2018-08-24 23:23:41.103+0000 INFO [o.n.k.i.DiagnosticsManager]   neostore.nodestore.db.labels: 2018-08-24T18:23:39-0500 - 8.00 kB
2018-08-24 23:23:41.103+0000 INFO [o.n.k.i.DiagnosticsManager]   neostore.nodestore.db.labels.id: 2018-08-24T18:23:39-0500 - 9.00 B
2018-08-24 23:23:41.106+0000 INFO [o.n.k.i.DiagnosticsManager]   neostore.propertystore.db: 2018-08-24T18:23:39-0500 - 0.00 B
2018-08-24 23:23:41.107+0000 INFO [o.n.k.i.DiagnosticsManager]   neostore.propertystore.db.arrays: 2018-08-24T18:23:39-0500 - 8.00 kB
2018-08-24 23:23:41.107+0000 INFO [o.n.k.i.DiagnosticsManager]   neostore.propertystore.db.arrays.id: 2018-08-24T18:23:39-0500 - 9.00 B
2018-08-24 23:23:41.107+0000 INFO [o.n.k.i.DiagnosticsManager]   neostore.propertystore.db.id: 2018-08-24T18:23:39-0500 - 9.00 B
2018-08-24 23:23:41.108+0000 INFO [o.n.k.i.DiagnosticsManager]   neostore.propertystore.db.index: 2018-08-24T18:23:39-0500 - 0.00 B
2018-08-24 23:23:41.108+0000 INFO [o.n.k.i.DiagnosticsManager]   neostore.propertystore.db.index.id: 2018-08-24T18:23:39-0500 - 9.00 B
2018-08-24 23:23:41.109+0000 INFO [o.n.k.i.DiagnosticsManager]   neostore.propertystore.db.index.keys: 2018-08-24T18:23:39-0500 - 8.00 kB
2018-08-24 23:23:41.109+0000 INFO [o.n.k.i.DiagnosticsManager]   neostore.propertystore.db.index.keys.id: 2018-08-24T18:23:39-0500 - 9.00 B
2018-08-24 23:23:41.110+0000 INFO [o.n.k.i.DiagnosticsManager]   neostore.propertystore.db.strings: 2018-08-24T18:23:39-0500 - 8.00 kB
2018-08-24 23:23:41.110+0000 INFO [o.n.k.i.DiagnosticsManager]   neostore.propertystore.db.strings.id: 2018-08-24T18:23:39-0500 - 9.00 B
2018-08-24 23:23:41.110+0000 INFO [o.n.k.i.DiagnosticsManager]   neostore.relationshipgroupstore.db: 2018-08-24T18:23:40-0500 - 8.00 kB
2018-08-24 23:23:41.111+0000 INFO [o.n.k.i.DiagnosticsManager]   neostore.relationshipgroupstore.db.id: 2018-08-24T18:23:40-0500 - 9.00 B
2018-08-24 23:23:41.111+0000 INFO [o.n.k.i.DiagnosticsManager]   neostore.relationshipstore.db: 2018-08-24T18:23:39-0500 - 0.00 B
2018-08-24 23:23:41.111+0000 INFO [o.n.k.i.DiagnosticsManager]   neostore.relationshipstore.db.id: 2018-08-24T18:23:39-0500 - 9.00 B
2018-08-24 23:23:41.112+0000 INFO [o.n.k.i.DiagnosticsManager]   neostore.relationshiptypestore.db: 2018-08-24T18:23:39-0500 - 0.00 B
2018-08-24 23:23:41.112+0000 INFO [o.n.k.i.DiagnosticsManager]   neostore.relationshiptypestore.db.id: 2018-08-24T18:23:39-0500 - 9.00 B
2018-08-24 23:23:41.112+0000 INFO [o.n.k.i.DiagnosticsManager]   neostore.relationshiptypestore.db.names: 2018-08-24T18:23:39-0500 - 8.00 kB
2018-08-24 23:23:41.112+0000 INFO [o.n.k.i.DiagnosticsManager]   neostore.relationshiptypestore.db.names.id: 2018-08-24T18:23:39-0500 - 9.00 B
2018-08-24 23:23:41.113+0000 INFO [o.n.k.i.DiagnosticsManager]   neostore.schemastore.db: 2018-08-24T18:23:40-0500 - 8.00 kB
2018-08-24 23:23:41.114+0000 INFO [o.n.k.i.DiagnosticsManager]   neostore.schemastore.db.id: 2018-08-24T18:23:40-0500 - 9.00 B
2018-08-24 23:23:41.114+0000 INFO [o.n.k.i.DiagnosticsManager]   neostore.transaction.db.0: 2018-08-24T18:23:40-0500 - 16.00 B
2018-08-24 23:23:41.114+0000 INFO [o.n.k.i.DiagnosticsManager]   store_lock: 2018-08-24T18:23:39-0500 - 0.00 B
2018-08-24 23:23:41.115+0000 INFO [o.n.k.i.DiagnosticsManager] Storage summary: 
2018-08-24 23:23:41.115+0000 INFO [o.n.k.i.DiagnosticsManager]   Total size of store: 112.24 kB
2018-08-24 23:23:41.115+0000 INFO [o.n.k.i.DiagnosticsManager]   Total size of mapped files: 112.00 kB
2018-08-24 23:23:41.115+0000 INFO [o.n.k.i.DiagnosticsManager] --- STARTED diagnostics for KernelDiagnostics:StoreFiles END ---
2018-08-24 23:23:44.825+0000 INFO [o.n.k.i.DiagnosticsManager] --- SERVER STARTED START ---
2018-08-24 23:23:46.366+0000 INFO [o.n.k.i.DiagnosticsManager] --- SERVER STARTED END ---
2018-08-24 23:33:24.342+0000 INFO [o.n.k.i.f.GraphDatabaseFacadeFactory] Shutdown started
2018-08-24 23:33:24.342+0000 INFO [o.n.k.i.f.GraphDatabaseFacadeFactory] Database is now unavailable
2018-08-24 23:33:24.348+0000 INFO [o.n.k.i.t.l.c.CheckPointerImpl] Checkpoint triggered by database shutdown @ txId: 1 checkpoint started...
2018-08-24 23:33:24.355+0000 INFO [o.n.k.i.t.l.c.CheckPointerImpl] Checkpoint triggered by database shutdown @ txId: 1 checkpoint completed in 5ms
2018-08-24 23:33:24.355+0000 INFO [o.n.k.i.t.l.p.LogPruningImpl] No log version pruned, last checkpoint was made in version 0
2018-08-24 23:33:24.364+0000 INFO [o.n.k.i.DiagnosticsManager] --- STOPPING diagnostics START ---
2018-08-24 23:33:24.364+0000 INFO [o.n.k.i.DiagnosticsManager] --- STOPPING diagnostics END ---
2018-08-24 23:33:30.886+0000 WARN [o.n.i.p.PageCache] The dbms.memory.pagecache.size setting has not been configured. It is recommended that this setting is always explicitly configured, to ensure the system has a balanced configuration. Until then, a computed heuristic value of 6442450944 bytes will be used instead. Run `neo4j-admin memrec` for memory configuration suggestions.
2018-08-24 23:33:31.379+0000 INFO [o.n.k.i.f.CommunityEditionModule] No locking implementation specified, defaulting to 'community'
2018-08-24 23:33:31.631+0000 INFO [o.n.k.AvailabilityGuard] Requirement makes database unavailable: Database available
2018-08-24 23:33:31.650+0000 INFO [o.n.k.i.DiagnosticsManager] --- INITIALIZED diagnostics START ---
2018-08-24 23:33:31.650+0000 INFO [o.n.k.i.DiagnosticsManager] Neo4j Kernel properties:
2018-08-24 23:33:31.650+0000 INFO [o.n.k.i.DiagnosticsManager] dbms.connector.http.enabled=true
2018-08-24 23:33:31.650+0000 INFO [o.n.k.i.DiagnosticsManager] dbms.security.auth_enabled=false
2018-08-24 23:33:31.650+0000 INFO [o.n.k.i.DiagnosticsManager] dbms.windows_service_name=neo4j
2018-08-24 23:33:31.650+0000 INFO [o.n.k.i.DiagnosticsManager] dbms.connector.http.listen_address=localhost:7474
2018-08-24 23:33:31.650+0000 INFO [o.n.k.i.DiagnosticsManager] dbms.connector.https.listen_address=localhost:7473
2018-08-24 23:33:31.651+0000 INFO [o.n.k.i.DiagnosticsManager] unsupported.dbms.directories.neo4j_home=/Users/sofia/Documents/rails/neoproject/db/neo4j/development
2018-08-24 23:33:31.651+0000 INFO [o.n.k.i.DiagnosticsManager] dbms.connector.bolt.listen_address=localhost:7472
2018-08-24 23:33:31.651+0000 INFO [o.n.k.i.DiagnosticsManager] dbms.directories.import=import
2018-08-24 23:33:31.651+0000 INFO [o.n.k.i.DiagnosticsManager] unsupported.dbms.edition=community
2018-08-24 23:33:31.651+0000 INFO [o.n.k.i.DiagnosticsManager] dbms.connector.bolt.enabled=true
2018-08-24 23:33:31.651+0000 INFO [o.n.k.i.DiagnosticsManager] dbms.connector.https.enabled=false
2018-08-24 23:33:31.651+0000 INFO [o.n.k.i.DiagnosticsManager] dbms.jvm.additional=-Dunsupported.dbms.udc.source=tarball
2018-08-24 23:33:31.651+0000 INFO [o.n.k.i.DiagnosticsManager] dbms.tx_log.rotation.retention_policy=1 days
2018-08-24 23:33:31.652+0000 INFO [o.n.k.i.DiagnosticsManager] Diagnostics providers:
2018-08-24 23:33:31.652+0000 INFO [o.n.k.i.DiagnosticsManager] org.neo4j.kernel.configuration.Config
2018-08-24 23:33:31.652+0000 INFO [o.n.k.i.DiagnosticsManager] org.neo4j.kernel.info.DiagnosticsManager
2018-08-24 23:33:31.652+0000 INFO [o.n.k.i.DiagnosticsManager] SYSTEM_MEMORY
2018-08-24 23:33:31.652+0000 INFO [o.n.k.i.DiagnosticsManager] JAVA_MEMORY
2018-08-24 23:33:31.652+0000 INFO [o.n.k.i.DiagnosticsManager] OPERATING_SYSTEM
2018-08-24 23:33:31.652+0000 INFO [o.n.k.i.DiagnosticsManager] JAVA_VIRTUAL_MACHINE
2018-08-24 23:33:31.652+0000 INFO [o.n.k.i.DiagnosticsManager] CLASSPATH
2018-08-24 23:33:31.652+0000 INFO [o.n.k.i.DiagnosticsManager] LIBRARY_PATH
2018-08-24 23:33:31.652+0000 INFO [o.n.k.i.DiagnosticsManager] SYSTEM_PROPERTIES
2018-08-24 23:33:31.652+0000 INFO [o.n.k.i.DiagnosticsManager] TIMEZONE_DATABASE
2018-08-24 23:33:31.653+0000 INFO [o.n.k.i.DiagnosticsManager] NETWORK
2018-08-24 23:33:31.653+0000 INFO [o.n.k.i.DiagnosticsManager] System memory information:
2018-08-24 23:33:31.661+0000 INFO [o.n.k.i.DiagnosticsManager] Total Physical memory: 16.00 GB
2018-08-24 23:33:31.662+0000 INFO [o.n.k.i.DiagnosticsManager] Free Physical memory: 1.25 GB
2018-08-24 23:33:31.663+0000 INFO [o.n.k.i.DiagnosticsManager] Committed virtual memory: 9.67 GB
2018-08-24 23:33:31.664+0000 INFO [o.n.k.i.DiagnosticsManager] Total swap space: 0.00 B
2018-08-24 23:33:31.665+0000 INFO [o.n.k.i.DiagnosticsManager] Free swap space: 0.00 B
2018-08-24 23:33:31.665+0000 INFO [o.n.k.i.DiagnosticsManager] JVM memory information:
2018-08-24 23:33:31.666+0000 INFO [o.n.k.i.DiagnosticsManager] Free  memory: 188.28 MB
2018-08-24 23:33:31.666+0000 INFO [o.n.k.i.DiagnosticsManager] Total memory: 256.00 MB
2018-08-24 23:33:31.666+0000 INFO [o.n.k.i.DiagnosticsManager] Max   memory: 4.00 GB
2018-08-24 23:33:31.669+0000 INFO [o.n.k.i.DiagnosticsManager] Garbage Collector: G1 Young Generation: [G1 Eden Space, G1 Survivor Space]
2018-08-24 23:33:31.669+0000 INFO [o.n.k.i.DiagnosticsManager] Garbage Collector: G1 Old Generation: [G1 Eden Space, G1 Survivor Space, G1 Old Gen]
2018-08-24 23:33:31.671+0000 INFO [o.n.k.i.DiagnosticsManager] Memory Pool: Code Cache (Non-heap memory): committed=5.56 MB, used=5.50 MB, max=240.00 MB, threshold=0.00 B
2018-08-24 23:33:31.672+0000 INFO [o.n.k.i.DiagnosticsManager] Memory Pool: Metaspace (Non-heap memory): committed=15.13 MB, used=14.23 MB, max=-1.00 B, threshold=0.00 B
2018-08-24 23:33:31.672+0000 INFO [o.n.k.i.DiagnosticsManager] Memory Pool: Compressed Class Space (Non-heap memory): committed=2.13 MB, used=1.88 MB, max=1.00 GB, threshold=0.00 B
2018-08-24 23:33:31.673+0000 INFO [o.n.k.i.DiagnosticsManager] Memory Pool: G1 Eden Space (Heap memory): committed=130.00 MB, used=63.00 MB, max=-1.00 B, threshold=?
2018-08-24 23:33:31.673+0000 INFO [o.n.k.i.DiagnosticsManager] Memory Pool: G1 Survivor Space (Heap memory): committed=3.00 MB, used=3.00 MB, max=-1.00 B, threshold=?
2018-08-24 23:33:31.673+0000 INFO [o.n.k.i.DiagnosticsManager] Memory Pool: G1 Old Gen (Heap memory): committed=123.00 MB, used=1.72 MB, max=4.00 GB, threshold=0.00 B
2018-08-24 23:33:31.673+0000 INFO [o.n.k.i.DiagnosticsManager] Operating system information:
2018-08-24 23:33:31.676+0000 INFO [o.n.k.i.DiagnosticsManager] Operating System: Mac OS X; version: 10.13.3; arch: x86_64; cpus: 4
2018-08-24 23:33:31.677+0000 INFO [o.n.k.i.DiagnosticsManager] Max number of file descriptors: 10240
2018-08-24 23:33:31.678+0000 INFO [o.n.k.i.DiagnosticsManager] Number of open file descriptors: 114
2018-08-24 23:33:31.889+0000 INFO [o.n.k.i.DiagnosticsManager] Process id: 24712@devBookPro.local
2018-08-24 23:33:31.890+0000 INFO [o.n.k.i.DiagnosticsManager] Byte order: LITTLE_ENDIAN
2018-08-24 23:33:31.897+0000 INFO [o.n.k.i.DiagnosticsManager] Local timezone: America/Lima
2018-08-24 23:33:31.897+0000 INFO [o.n.k.i.DiagnosticsManager] JVM information:
2018-08-24 23:33:31.897+0000 INFO [o.n.k.i.DiagnosticsManager] VM Name: Java HotSpot(TM) 64-Bit Server VM
2018-08-24 23:33:31.897+0000 INFO [o.n.k.i.DiagnosticsManager] VM Vendor: Oracle Corporation
2018-08-24 23:33:31.898+0000 INFO [o.n.k.i.DiagnosticsManager] VM Version: 25.181-b13
2018-08-24 23:33:31.898+0000 INFO [o.n.k.i.DiagnosticsManager] JIT compiler: HotSpot 64-Bit Tiered Compilers
2018-08-24 23:33:31.900+0000 INFO [o.n.k.i.DiagnosticsManager] VM Arguments: [-XX:+UseG1GC, -XX:-OmitStackTraceInFastThrow, -XX:+AlwaysPreTouch, -XX:+UnlockExperimentalVMOptions, -XX:+TrustFinalNonStaticFields, -XX:+DisableExplicitGC, -Djdk.tls.ephemeralDHKeySize=2048, -Djdk.tls.rejectClientInitiatedRenegotiation=true, -Dunsupported.dbms.udc.source=tarball, -Dfile.encoding=UTF-8]
2018-08-24 23:33:31.900+0000 INFO [o.n.k.i.DiagnosticsManager] Java classpath:
2018-08-24 23:33:31.902+0000 INFO [o.n.k.i.DiagnosticsManager]  [classpath + loader.0] file:/Users/sofia/Documents/rails/neoproject/db/neo4j/development/lib/caffeine-2.6.2.jar
2018-08-24 23:33:31.902+0000 INFO [o.n.k.i.DiagnosticsManager]  [classpath + loader.0] file:/Users/sofia/Documents/rails/neoproject/db/neo4j/development/lib/concurrentlinkedhashmap-lru-1.4.2.jar
2018-08-24 23:33:31.903+0000 INFO [o.n.k.i.DiagnosticsManager]  [loader.1] file:/Library/Java/JavaVirtualMachines/jdk1.8.0_181.jdk/Contents/Home/jre/lib/ext/sunjce_provider.jar
2018-08-24 23:33:31.903+0000 INFO [o.n.k.i.DiagnosticsManager]  [classpath + loader.0] file:/Users/sofia/Documents/rails/neoproject/db/neo4j/development/plugins/*
2018-08-24 23:33:31.903+0000 INFO [o.n.k.i.DiagnosticsManager]  [classpath + loader.0] file:/Users/sofia/Documents/rails/neoproject/db/neo4j/development/lib/commons-logging-1.1.1.jar
2018-08-24 23:33:31.903+0000 INFO [o.n.k.i.DiagnosticsManager]  [classpath + loader.0] file:/Users/sofia/Documents/rails/neoproject/db/neo4j/development/lib/lucene-analyzers-common-5.5.5.jar
2018-08-24 23:33:31.903+0000 INFO [o.n.k.i.DiagnosticsManager]  [classpath + loader.0] file:/Users/sofia/Documents/rails/neoproject/db/neo4j/development/lib/neo4j-cypher-expression-3.4-3.4.1.jar
2018-08-24 23:33:31.903+0000 INFO [o.n.k.i.DiagnosticsManager]  [classpath + loader.0] file:/Users/sofia/Documents/rails/neoproject/db/neo4j/development/lib/jsr311-api-1.1.2.r612.jar
2018-08-24 23:33:31.903+0000 INFO [o.n.k.i.DiagnosticsManager]  [classpath + loader.0] file:/Users/sofia/Documents/rails/neoproject/db/neo4j/development/lib/neo4j-graph-matching-3.1.6.jar
2018-08-24 23:33:31.903+0000 INFO [o.n.k.i.DiagnosticsManager]  [loader.1] file:/Library/Java/JavaVirtualMachines/jdk1.8.0_181.jdk/Contents/Home/jre/lib/ext/dnsns.jar
2018-08-24 23:33:31.903+0000 INFO [o.n.k.i.DiagnosticsManager]  [classpath + loader.0] file:/Users/sofia/Documents/rails/neoproject/db/neo4j/development/lib/commons-lang-2.6.jar
2018-08-24 23:33:31.904+0000 INFO [o.n.k.i.DiagnosticsManager]  [classpath + loader.0] file:/Users/sofia/Documents/rails/neoproject/db/neo4j/development/lib/neo4j-cypher-compiler-3.1-3.1.8.jar
2018-08-24 23:33:31.904+0000 INFO [o.n.k.i.DiagnosticsManager]  [classpath + loader.0] file:/Users/sofia/Documents/rails/neoproject/db/neo4j/development/conf/
2018-08-24 23:33:31.904+0000 INFO [o.n.k.i.DiagnosticsManager]  [classpath + loader.0] file:/Users/sofia/Documents/rails/neoproject/db/neo4j/development/lib/neo4j-kernel-3.4.1.jar
2018-08-24 23:33:31.904+0000 INFO [o.n.k.i.DiagnosticsManager]  [bootstrap] /Library/Java/JavaVirtualMachines/jdk1.8.0_181.jdk/Contents/Home/jre/lib/jfr.jar
2018-08-24 23:33:31.904+0000 INFO [o.n.k.i.DiagnosticsManager]  [classpath + loader.0] file:/Users/sofia/Documents/rails/neoproject/db/neo4j/development/lib/neo4j-browser-3.1.14.jar
2018-08-24 23:33:31.904+0000 INFO [o.n.k.i.DiagnosticsManager]  [classpath + loader.0] file:/Users/sofia/Documents/rails/neoproject/db/neo4j/development/lib/neo4j-udc-3.4.1.jar
2018-08-24 23:33:31.904+0000 INFO [o.n.k.i.DiagnosticsManager]  [bootstrap] /Library/Java/JavaVirtualMachines/jdk1.8.0_181.jdk/Contents/Home/jre/lib/sunrsasign.jar
2018-08-24 23:33:31.904+0000 INFO [o.n.k.i.DiagnosticsManager]  [classpath + loader.0] file:/Users/sofia/Documents/rails/neoproject/db/neo4j/development/lib/neo4j-cypher-planner-3.4-3.4.1.jar
2018-08-24 23:33:31.904+0000 INFO [o.n.k.i.DiagnosticsManager]  [classpath + loader.0] file:/Users/sofia/Documents/rails/neoproject/db/neo4j/development/lib/commons-text-1.3.jar
2018-08-24 23:33:31.904+0000 INFO [o.n.k.i.DiagnosticsManager]  [classpath + loader.0] file:/Users/sofia/Documents/rails/neoproject/db/neo4j/development/lib/neo4j-procedure-api-3.4.1.jar
2018-08-24 23:33:31.904+0000 INFO [o.n.k.i.DiagnosticsManager]  [bootstrap] /Library/Java/JavaVirtualMachines/jdk1.8.0_181.jdk/Contents/Home/jre/lib/jsse.jar
2018-08-24 23:33:31.904+0000 INFO [o.n.k.i.DiagnosticsManager]  [classpath + loader.0] file:/Users/sofia/Documents/rails/neoproject/db/neo4j/development/lib/neo4j-security-3.4.1.jar
2018-08-24 23:33:31.904+0000 INFO [o.n.k.i.DiagnosticsManager]  [classpath + loader.0] file:/Users/sofia/Documents/rails/neoproject/db/neo4j/development/lib/bcprov-jdk15on-1.59.jar
2018-08-24 23:33:31.905+0000 INFO [o.n.k.i.DiagnosticsManager]  [classpath + loader.0] file:/Users/sofia/Documents/rails/neoproject/db/neo4j/development/lib/neo4j-lucene-upgrade-3.4.1.jar
2018-08-24 23:33:31.905+0000 INFO [o.n.k.i.DiagnosticsManager]  [classpath + loader.0] file:/Users/sofia/Documents/rails/neoproject/db/neo4j/development/lib/neo4j-cypher-compiler-3.3-3.3.5.jar
2018-08-24 23:33:31.905+0000 INFO [o.n.k.i.DiagnosticsManager]  [classpath + loader.0] file:/Users/sofia/Documents/rails/neoproject/db/neo4j/development/lib/objenesis-2.6.jar
2018-08-24 23:33:31.905+0000 INFO [o.n.k.i.DiagnosticsManager]  [classpath + loader.0] file:/Users/sofia/Documents/rails/neoproject/db/neo4j/development/lib/jPowerShell-1.9.jar
2018-08-24 23:33:31.905+0000 INFO [o.n.k.i.DiagnosticsManager]  [classpath + loader.0] file:/Users/sofia/Documents/rails/neoproject/db/neo4j/development/lib/commons-lang3-3.7.jar
2018-08-24 23:33:31.905+0000 INFO [o.n.k.i.DiagnosticsManager]  [classpath + loader.0] file:/Users/sofia/Documents/rails/neoproject/db/neo4j/development/lib/javax.servlet-api-3.1.0.jar
2018-08-24 23:33:31.905+0000 INFO [o.n.k.i.DiagnosticsManager]  [classpath + loader.0] file:/Users/sofia/Documents/rails/neoproject/db/neo4j/development/lib/jersey-core-1.19.3.jar
2018-08-24 23:33:31.905+0000 INFO [o.n.k.i.DiagnosticsManager]  [classpath + loader.0] file:/Users/sofia/Documents/rails/neoproject/db/neo4j/development/lib/jetty-http-9.4.8.v20171121.jar
2018-08-24 23:33:31.905+0000 INFO [o.n.k.i.DiagnosticsManager]  [classpath + loader.0] file:/Users/sofia/Documents/rails/neoproject/db/neo4j/development/lib/neo4j-cypher-logical-plans-3.3-3.3.5.jar
2018-08-24 23:33:31.905+0000 INFO [o.n.k.i.DiagnosticsManager]  [classpath + loader.0] file:/Users/sofia/Documents/rails/neoproject/db/neo4j/development/lib/neo4j-command-line-3.4.1.jar
2018-08-24 23:33:31.905+0000 INFO [o.n.k.i.DiagnosticsManager]  [classpath + loader.0] file:/Users/sofia/Documents/rails/neoproject/db/neo4j/development/lib/neo4j-logging-3.4.1.jar
2018-08-24 23:33:31.905+0000 INFO [o.n.k.i.DiagnosticsManager]  [classpath + loader.0] file:/Users/sofia/Documents/rails/neoproject/db/neo4j/development/lib/neo4j-dbms-3.4.1.jar
2018-08-24 23:33:31.905+0000 INFO [o.n.k.i.DiagnosticsManager]  [bootstrap] /Library/Java/JavaVirtualMachines/jdk1.8.0_181.jdk/Contents/Home/jre/classes
2018-08-24 23:33:31.905+0000 INFO [o.n.k.i.DiagnosticsManager]  [classpath + loader.0] file:/Users/sofia/Documents/rails/neoproject/db/neo4j/development/lib/neo4j-cypher-ir-3.4-3.4.1.jar
2018-08-24 23:33:31.905+0000 INFO [o.n.k.i.DiagnosticsManager]  [classpath + loader.0] file:/Users/sofia/Documents/rails/neoproject/db/neo4j/development/lib/jetty-xml-9.4.8.v20171121.jar
2018-08-24 23:33:31.906+0000 INFO [o.n.k.i.DiagnosticsManager]  [classpath + loader.0] file:/Users/sofia/Documents/rails/neoproject/db/neo4j/development/lib/netty-all-4.1.24.Final.jar
2018-08-24 23:33:31.906+0000 INFO [o.n.k.i.DiagnosticsManager]  [classpath + loader.0] file:/Users/sofia/Documents/rails/neoproject/db/neo4j/development/lib/neo4j-ssl-3.4.1.jar
2018-08-24 23:33:31.906+0000 INFO [o.n.k.i.DiagnosticsManager]  [bootstrap] /Library/Java/JavaVirtualMachines/jdk1.8.0_181.jdk/Contents/Home/jre/lib/jce.jar
2018-08-24 23:33:31.906+0000 INFO [o.n.k.i.DiagnosticsManager]  [classpath + loader.0] file:/Users/sofia/Documents/rails/neoproject/db/neo4j/development/lib/parboiled-core-1.1.7.jar
2018-08-24 23:33:31.906+0000 INFO [o.n.k.i.DiagnosticsManager]  [classpath + loader.0] file:/Users/sofia/Documents/rails/neoproject/db/neo4j/development/lib/openCypher-frontend-1-3.4.1.jar
2018-08-24 23:33:31.906+0000 INFO [o.n.k.i.DiagnosticsManager]  [classpath + loader.0] file:/Users/sofia/Documents/rails/neoproject/db/neo4j/development/lib/bcpkix-jdk15on-1.59.jar
2018-08-24 23:33:31.906+0000 INFO [o.n.k.i.DiagnosticsManager]  [classpath + loader.0] file:/Users/sofia/Documents/rails/neoproject/db/neo4j/development/lib/neo4j-cypher-interpreted-runtime-3.4.1.jar
2018-08-24 23:33:31.906+0000 INFO [o.n.k.i.DiagnosticsManager]  [classpath + loader.0] file:/Users/sofia/Documents/rails/neoproject/db/neo4j/development/lib/neo4j-configuration-3.4.1.jar
2018-08-24 23:33:31.906+0000 INFO [o.n.k.i.DiagnosticsManager]  [classpath + loader.0] file:/Users/sofia/Documents/rails/neoproject/db/neo4j/development/lib/neo4j-lucene-index-3.4.1.jar
2018-08-24 23:33:31.906+0000 INFO [o.n.k.i.DiagnosticsManager]  [classpath + loader.0] file:/Users/sofia/Documents/rails/neoproject/db/neo4j/development/lib/neo4j-primitive-collections-3.4.1.jar
2018-08-24 23:33:31.906+0000 INFO [o.n.k.i.DiagnosticsManager]  [classpath + loader.0] file:/Users/sofia/Documents/rails/neoproject/db/neo4j/development/lib/neo4j-spatial-index-3.4.1.jar
2018-08-24 23:33:31.906+0000 INFO [o.n.k.i.DiagnosticsManager]  [classpath + loader.0] file:/Users/sofia/Documents/rails/neoproject/db/neo4j/development/lib/jetty-server-9.4.8.v20171121.jar
2018-08-24 23:33:31.906+0000 INFO [o.n.k.i.DiagnosticsManager]  [classpath + loader.0] file:/Users/sofia/Documents/rails/neoproject/db/neo4j/development/lib/jProcesses-1.6.4.jar
2018-08-24 23:33:31.906+0000 INFO [o.n.k.i.DiagnosticsManager]  [classpath + loader.0] file:/Users/sofia/Documents/rails/neoproject/db/neo4j/development/lib/neo4j-cypher-ir-3.3-3.3.5.jar
2018-08-24 23:33:31.906+0000 INFO [o.n.k.i.DiagnosticsManager]  [classpath + loader.0] file:/Users/sofia/Documents/rails/neoproject/db/neo4j/development/lib/jackson-jaxrs-1.9.13.jar
2018-08-24 23:33:31.906+0000 INFO [o.n.k.i.DiagnosticsManager]  [classpath + loader.0] file:/Users/sofia/Documents/rails/neoproject/db/neo4j/development/lib/neo4j-collections-3.4.1.jar
2018-08-24 23:33:31.906+0000 INFO [o.n.k.i.DiagnosticsManager]  [loader.1] file:/Library/Java/JavaVirtualMachines/jdk1.8.0_181.jdk/Contents/Home/jre/lib/ext/localedata.jar
2018-08-24 23:33:31.906+0000 INFO [o.n.k.i.DiagnosticsManager]  [classpath + loader.0] file:/Users/sofia/Documents/rails/neoproject/db/neo4j/development/lib/neo4j-resource-3.4.1.jar
2018-08-24 23:33:31.907+0000 INFO [o.n.k.i.DiagnosticsManager]  [loader.1] file:/Library/Java/JavaVirtualMachines/jdk1.8.0_181.jdk/Contents/Home/jre/lib/ext/sunpkcs11.jar
2018-08-24 23:33:31.907+0000 INFO [o.n.k.i.DiagnosticsManager]  [classpath + loader.0] file:/Users/sofia/Documents/rails/neoproject/db/neo4j/development/lib/WMI4Java-1.6.1.jar
2018-08-24 23:33:31.907+0000 INFO [o.n.k.i.DiagnosticsManager]  [classpath + loader.0] file:/Users/sofia/Documents/rails/neoproject/db/neo4j/development/lib/jetty-servlet-9.4.8.v20171121.jar
2018-08-24 23:33:31.907+0000 INFO [o.n.k.i.DiagnosticsManager]  [classpath + loader.0] file:/Users/sofia/Documents/rails/neoproject/db/neo4j/development/lib/neo4j-cypher-frontend-2.3-2.3.12.jar
2018-08-24 23:33:31.907+0000 INFO [o.n.k.i.DiagnosticsManager]  [classpath + loader.0] file:/Users/sofia/Documents/rails/neoproject/db/neo4j/development/lib/neo4j-cypher-frontend-3.3-3.3.5.jar
2018-08-24 23:33:31.907+0000 INFO [o.n.k.i.DiagnosticsManager]  [classpath + loader.0] file:/Library/Java/JavaVirtualMachines/jdk1.8.0_181.jdk/Contents/Home/lib/tools.jar
2018-08-24 23:33:31.907+0000 INFO [o.n.k.i.DiagnosticsManager]  [classpath + loader.0] file:/Users/sofia/Documents/rails/neoproject/db/neo4j/development/lib/commons-configuration-1.10.jar
2018-08-24 23:33:31.907+0000 INFO [o.n.k.i.DiagnosticsManager]  [classpath + loader.0] file:/Users/sofia/Documents/rails/neoproject/db/neo4j/development/lib/neo4j-shell-3.4.1.jar
2018-08-24 23:33:31.907+0000 INFO [o.n.k.i.DiagnosticsManager]  [classpath + loader.0] file:/Users/sofia/Documents/rails/neoproject/db/neo4j/development/lib/jetty-security-9.4.8.v20171121.jar
2018-08-24 23:33:31.907+0000 INFO [o.n.k.i.DiagnosticsManager]  [classpath + loader.0] file:/Users/sofia/Documents/rails/neoproject/db/neo4j/development/lib/neo4j-cypher-runtime-util-3.4.1.jar
2018-08-24 23:33:31.907+0000 INFO [o.n.k.i.DiagnosticsManager]  [classpath + loader.0] file:/Users/sofia/Documents/rails/neoproject/db/neo4j/development/lib/lucene-core-5.5.5.jar
2018-08-24 23:33:31.907+0000 INFO [o.n.k.i.DiagnosticsManager]  [classpath + loader.0] file:/Users/sofia/Documents/rails/neoproject/db/neo4j/development/lib/jline-2.12.jar
2018-08-24 23:33:31.908+0000 INFO [o.n.k.i.DiagnosticsManager]  [classpath + loader.0] file:/Users/sofia/Documents/rails/neoproject/db/neo4j/development/lib/neo4j-graph-algo-3.4.1.jar
2018-08-24 23:33:31.908+0000 INFO [o.n.k.i.DiagnosticsManager]  [classpath + loader.0] file:/Users/sofia/Documents/rails/neoproject/db/neo4j/development/lib/jackson-mapper-asl-1.9.13.jar
2018-08-24 23:33:31.908+0000 INFO [o.n.k.i.DiagnosticsManager]  [classpath + loader.0] file:/Users/sofia/Documents/rails/neoproject/db/neo4j/development/lib/jersey-server-1.19.3.jar
2018-08-24 23:33:31.908+0000 INFO [o.n.k.i.DiagnosticsManager]  [classpath + loader.0] file:/Users/sofia/Documents/rails/neoproject/db/neo4j/development/lib/neo4j-common-3.4.1.jar
2018-08-24 23:33:31.908+0000 INFO [o.n.k.i.DiagnosticsManager]  [loader.1] file:/Library/Java/JavaVirtualMachines/jdk1.8.0_181.jdk/Contents/Home/jre/lib/ext/sunec.jar
2018-08-24 23:33:31.908+0000 INFO [o.n.k.i.DiagnosticsManager]  [loader.1] file:/Library/Java/JavaVirtualMachines/jdk1.8.0_181.jdk/Contents/Home/jre/lib/ext/cldrdata.jar
2018-08-24 23:33:31.908+0000 INFO [o.n.k.i.DiagnosticsManager]  [classpath + loader.0] file:/Users/sofia/Documents/rails/neoproject/db/neo4j/development/lib/neo4j-cypher-util-3.4-3.4.1.jar
2018-08-24 23:33:31.908+0000 INFO [o.n.k.i.DiagnosticsManager]  [classpath + loader.0] file:/Users/sofia/Documents/rails/neoproject/db/neo4j/development/lib/neo4j-csv-3.4.1.jar
2018-08-24 23:33:31.908+0000 INFO [o.n.k.i.DiagnosticsManager]  [classpath + loader.0] file:/Users/sofia/Documents/rails/neoproject/db/neo4j/development/lib/neo4j-server-3.4.1.jar
2018-08-24 23:33:31.908+0000 INFO [o.n.k.i.DiagnosticsManager]  [classpath + loader.0] file:/Users/sofia/Documents/rails/neoproject/db/neo4j/development/lib/opencsv-2.3.jar
2018-08-24 23:33:31.908+0000 INFO [o.n.k.i.DiagnosticsManager]  [classpath + loader.0] file:/Users/sofia/Documents/rails/neoproject/db/neo4j/development/lib/neo4j-io-3.4.1.jar
2018-08-24 23:33:31.908+0000 INFO [o.n.k.i.DiagnosticsManager]  [classpath + loader.0] file:/Users/sofia/Documents/rails/neoproject/db/neo4j/development/lib/neo4j-cypher-3.4.1.jar
2018-08-24 23:33:31.909+0000 INFO [o.n.k.i.DiagnosticsManager]  [loader.1] file:/System/Library/Java/Extensions/MRJToolkit.jar
2018-08-24 23:33:31.909+0000 INFO [o.n.k.i.DiagnosticsManager]  [classpath + loader.0] file:/Users/sofia/Documents/rails/neoproject/db/neo4j/development/lib/commons-compress-1.16.1.jar
2018-08-24 23:33:31.909+0000 INFO [o.n.k.i.DiagnosticsManager]  [classpath + loader.0] file:/Users/sofia/Documents/rails/neoproject/db/neo4j/development/lib/neo4j-bolt-3.4.1.jar
2018-08-24 23:33:31.909+0000 INFO [o.n.k.i.DiagnosticsManager]  [classpath + loader.0] file:/Users/sofia/Documents/rails/neoproject/db/neo4j/development/lib/lucene-codecs-5.5.5.jar
2018-08-24 23:33:31.909+0000 INFO [o.n.k.i.DiagnosticsManager]  [classpath + loader.0] file:/Users/sofia/Documents/rails/neoproject/db/neo4j/development/lib/neo4j-jmx-3.4.1.jar
2018-08-24 23:33:31.909+0000 INFO [o.n.k.i.DiagnosticsManager]  [classpath + loader.0] file:/Users/sofia/Documents/rails/neoproject/db/neo4j/development/lib/jetty-webapp-9.4.8.v20171121.jar
2018-08-24 23:33:31.909+0000 INFO [o.n.k.i.DiagnosticsManager]  [classpath + loader.0] file:/Users/sofia/Documents/rails/neoproject/db/neo4j/development/lib/lucene-queryparser-5.5.5.jar
2018-08-24 23:33:31.909+0000 INFO [o.n.k.i.DiagnosticsManager]  [bootstrap] /Library/Java/JavaVirtualMachines/jdk1.8.0_181.jdk/Contents/Home/jre/lib/charsets.jar
2018-08-24 23:33:31.909+0000 INFO [o.n.k.i.DiagnosticsManager]  [loader.1] file:/Library/Java/JavaVirtualMachines/jdk1.8.0_181.jdk/Contents/Home/jre/lib/ext/zipfs.jar
2018-08-24 23:33:31.909+0000 INFO [o.n.k.i.DiagnosticsManager]  [classpath + loader.0] file:/Users/sofia/Documents/rails/neoproject/db/neo4j/development/lib/commons-io-2.6.jar
2018-08-24 23:33:31.909+0000 INFO [o.n.k.i.DiagnosticsManager]  [classpath + loader.0] file:/Users/sofia/Documents/rails/neoproject/db/neo4j/development/lib/neo4j-cypher-planner-spi-3.4-3.4.1.jar
2018-08-24 23:33:31.909+0000 INFO [o.n.k.i.DiagnosticsManager]  [loader.1] file:/Library/Java/JavaVirtualMachines/jdk1.8.0_181.jdk/Contents/Home/jre/lib/ext/jfxrt.jar
2018-08-24 23:33:31.909+0000 INFO [o.n.k.i.DiagnosticsManager]  [classpath + loader.0] file:/Users/sofia/Documents/rails/neoproject/db/neo4j/development/lib/neo4j-import-tool-3.4.1.jar
2018-08-24 23:33:31.910+0000 INFO [o.n.k.i.DiagnosticsManager]  [bootstrap] /Library/Java/JavaVirtualMachines/jdk1.8.0_181.jdk/Contents/Home/jre/lib/rt.jar
2018-08-24 23:33:31.910+0000 INFO [o.n.k.i.DiagnosticsManager]  [classpath + loader.0] file:/Users/sofia/Documents/rails/neoproject/db/neo4j/development/lib/neo4j-kernel-api-3.4.1.jar
2018-08-24 23:33:31.910+0000 INFO [o.n.k.i.DiagnosticsManager]  [classpath + loader.0] file:/Users/sofia/Documents/rails/neoproject/db/neo4j/development/lib/parboiled-scala_2.11-1.1.7.jar
2018-08-24 23:33:31.910+0000 INFO [o.n.k.i.DiagnosticsManager]  [classpath + loader.0] file:/Users/sofia/Documents/rails/neoproject/db/neo4j/development/lib/rhino-1.7.9.jar
2018-08-24 23:33:31.910+0000 INFO [o.n.k.i.DiagnosticsManager]  [loader.1] file:/Library/Java/JavaVirtualMachines/jdk1.8.0_181.jdk/Contents/Home/jre/lib/ext/jaccess.jar
2018-08-24 23:33:31.910+0000 INFO [o.n.k.i.DiagnosticsManager]  [classpath + loader.0] file:/Users/sofia/Documents/rails/neoproject/db/neo4j/development/lib/jackson-core-asl-1.9.13.jar
2018-08-24 23:33:31.910+0000 INFO [o.n.k.i.DiagnosticsManager]  [classpath + loader.0] file:/Users/sofia/Documents/rails/neoproject/db/neo4j/development/lib/server-api-3.4.1.jar
2018-08-24 23:33:31.910+0000 INFO [o.n.k.i.DiagnosticsManager]  [classpath + loader.0] file:/Users/sofia/Documents/rails/neoproject/db/neo4j/development/lib/neo4j-graphdb-api-3.4.1.jar
2018-08-24 23:33:31.910+0000 INFO [o.n.k.i.DiagnosticsManager]  [classpath + loader.0] file:/Users/sofia/Documents/rails/neoproject/db/neo4j/development/lib/neo4j-cypher-compiler-2.3-2.3.12.jar
2018-08-24 23:33:31.910+0000 INFO [o.n.k.i.DiagnosticsManager]  [classpath + loader.0] file:/Users/sofia/Documents/rails/neoproject/db/neo4j/development/lib/scala-reflect-2.11.12.jar
2018-08-24 23:33:31.910+0000 INFO [o.n.k.i.DiagnosticsManager]  [loader.1] file:/Library/Java/JavaVirtualMachines/jdk1.8.0_181.jdk/Contents/Home/jre/lib/ext/nashorn.jar
2018-08-24 23:33:31.910+0000 INFO [o.n.k.i.DiagnosticsManager]  [classpath + loader.0] file:/Users/sofia/Documents/rails/neoproject/db/neo4j/development/lib/neo4j-codegen-3.4.1.jar
2018-08-24 23:33:31.911+0000 INFO [o.n.k.i.DiagnosticsManager]  [classpath + loader.0] file:/Users/sofia/Documents/rails/neoproject/db/neo4j/development/lib/neo4j-values-3.4.1.jar
2018-08-24 23:33:31.911+0000 INFO [o.n.k.i.DiagnosticsManager]  [classpath + loader.0] file:/Users/sofia/Documents/rails/neoproject/db/neo4j/development/lib/neo4j-consistency-check-3.4.1.jar
2018-08-24 23:33:31.911+0000 INFO [o.n.k.i.DiagnosticsManager]  [classpath + loader.0] file:/Users/sofia/Documents/rails/neoproject/db/neo4j/development/lib/jersey-servlet-1.19.3.jar
2018-08-24 23:33:31.911+0000 INFO [o.n.k.i.DiagnosticsManager]  [classpath + loader.0] file:/Users/sofia/Documents/rails/neoproject/db/neo4j/development/lib/scala-library-2.11.12.jar
2018-08-24 23:33:31.911+0000 INFO [o.n.k.i.DiagnosticsManager]  [classpath + loader.0] file:/Users/sofia/Documents/rails/neoproject/db/neo4j/development/lib/jetty-io-9.4.8.v20171121.jar
2018-08-24 23:33:31.911+0000 INFO [o.n.k.i.DiagnosticsManager]  [classpath + loader.0] file:/Users/sofia/Documents/rails/neoproject/db/neo4j/development/lib/neo4j-unsafe-3.4.1.jar
2018-08-24 23:33:31.911+0000 INFO [o.n.k.i.DiagnosticsManager]  [classpath + loader.0] file:/Users/sofia/Documents/rails/neoproject/db/neo4j/development/plugins/
2018-08-24 23:33:31.911+0000 INFO [o.n.k.i.DiagnosticsManager]  [classpath + loader.0] file:/Users/sofia/Documents/rails/neoproject/db/neo4j/development/lib/neo4j-cypher-frontend-3.1-3.1.8.jar
2018-08-24 23:33:31.911+0000 INFO [o.n.k.i.DiagnosticsManager]  [classpath + loader.0] file:/Users/sofia/Documents/rails/neoproject/db/neo4j/development/lib/jetty-util-9.4.8.v20171121.jar
2018-08-24 23:33:31.911+0000 INFO [o.n.k.i.DiagnosticsManager]  [classpath + loader.0] file:/Users/sofia/Documents/rails/neoproject/db/neo4j/development/lib/neo4j-cypher-logical-plans-3.4-3.4.1.jar
2018-08-24 23:33:31.911+0000 INFO [o.n.k.i.DiagnosticsManager]  [classpath + loader.0] file:/Users/sofia/Documents/rails/neoproject/db/neo4j/development/lib/neo4j-index-3.4.1.jar
2018-08-24 23:33:31.911+0000 INFO [o.n.k.i.DiagnosticsManager]  [bootstrap] /Library/Java/JavaVirtualMachines/jdk1.8.0_181.jdk/Contents/Home/jre/lib/resources.jar
2018-08-24 23:33:31.912+0000 INFO [o.n.k.i.DiagnosticsManager] Library path:
2018-08-24 23:33:31.912+0000 INFO [o.n.k.i.DiagnosticsManager] /Users/sofia/Library/Java/Extensions
2018-08-24 23:33:31.912+0000 INFO [o.n.k.i.DiagnosticsManager] /Library/Java/Extensions
2018-08-24 23:33:31.912+0000 INFO [o.n.k.i.DiagnosticsManager] /Network/Library/Java/Extensions
2018-08-24 23:33:31.912+0000 INFO [o.n.k.i.DiagnosticsManager] /System/Library/Java/Extensions
2018-08-24 23:33:31.912+0000 INFO [o.n.k.i.DiagnosticsManager] /usr/lib/java
2018-08-24 23:33:31.913+0000 INFO [o.n.k.i.DiagnosticsManager] /Users/sofia/Documents/rails/neoproject
2018-08-24 23:33:31.913+0000 INFO [o.n.k.i.DiagnosticsManager] System.properties:
2018-08-24 23:33:31.913+0000 INFO [o.n.k.i.DiagnosticsManager] sun.boot.library.path = /Library/Java/JavaVirtualMachines/jdk1.8.0_181.jdk/Contents/Home/jre/lib
2018-08-24 23:33:31.913+0000 INFO [o.n.k.i.DiagnosticsManager] jdk.tls.rejectClientInitiatedRenegotiation = true
2018-08-24 23:33:31.913+0000 INFO [o.n.k.i.DiagnosticsManager] gopherProxySet = false
2018-08-24 23:33:31.913+0000 INFO [o.n.k.i.DiagnosticsManager] path.separator = :
2018-08-24 23:33:31.913+0000 INFO [o.n.k.i.DiagnosticsManager] file.encoding.pkg = sun.io
2018-08-24 23:33:31.914+0000 INFO [o.n.k.i.DiagnosticsManager] user.country = US
2018-08-24 23:33:31.914+0000 INFO [o.n.k.i.DiagnosticsManager] sun.java.launcher = SUN_STANDARD
2018-08-24 23:33:31.914+0000 INFO [o.n.k.i.DiagnosticsManager] sun.os.patch.level = unknown
2018-08-24 23:33:31.914+0000 INFO [o.n.k.i.DiagnosticsManager] user.dir = /Users/sofia/Documents/rails/neoproject
2018-08-24 23:33:31.914+0000 INFO [o.n.k.i.DiagnosticsManager] sun.jnu.encoding = UTF-8
2018-08-24 23:33:31.914+0000 INFO [o.n.k.i.DiagnosticsManager] unsupported.dbms.udc.source = tarball
2018-08-24 23:33:31.914+0000 INFO [o.n.k.i.DiagnosticsManager] sun.management.compiler = HotSpot 64-Bit Tiered Compilers
2018-08-24 23:33:31.914+0000 INFO [o.n.k.i.DiagnosticsManager] http.nonProxyHosts = local|*.local|169.254/16|*.169.254/16
2018-08-24 23:33:31.914+0000 INFO [o.n.k.i.DiagnosticsManager] user.home = /Users/sofia
2018-08-24 23:33:31.914+0000 INFO [o.n.k.i.DiagnosticsManager] user.timezone = America/Lima
2018-08-24 23:33:31.914+0000 INFO [o.n.k.i.DiagnosticsManager] file.encoding = UTF-8
2018-08-24 23:33:31.914+0000 INFO [o.n.k.i.DiagnosticsManager] user.name = sofia
2018-08-24 23:33:31.914+0000 INFO [o.n.k.i.DiagnosticsManager] sun.java.command = org.neo4j.server.CommunityEntryPoint --home-dir=/Users/sofia/Documents/rails/neoproject/db/neo4j/development --config-dir=/Users/sofia/Documents/rails/neoproject/db/neo4j/development/conf
2018-08-24 23:33:31.914+0000 INFO [o.n.k.i.DiagnosticsManager] sun.arch.data.model = 64
2018-08-24 23:33:31.914+0000 INFO [o.n.k.i.DiagnosticsManager] user.language = en
2018-08-24 23:33:31.915+0000 INFO [o.n.k.i.DiagnosticsManager] awt.toolkit = sun.lwawt.macosx.LWCToolkit
2018-08-24 23:33:31.915+0000 INFO [o.n.k.i.DiagnosticsManager] jdk.tls.ephemeralDHKeySize = 2048
2018-08-24 23:33:31.915+0000 INFO [o.n.k.i.DiagnosticsManager] file.separator = /
2018-08-24 23:33:31.915+0000 INFO [o.n.k.i.DiagnosticsManager] sun.io.unicode.encoding = UnicodeBig
2018-08-24 23:33:31.915+0000 INFO [o.n.k.i.DiagnosticsManager] sun.cpu.endian = little
2018-08-24 23:33:31.915+0000 INFO [o.n.k.i.DiagnosticsManager] socksNonProxyHosts = local|*.local|169.254/16|*.169.254/16
2018-08-24 23:33:31.915+0000 INFO [o.n.k.i.DiagnosticsManager] ftp.nonProxyHosts = local|*.local|169.254/16|*.169.254/16
2018-08-24 23:33:31.915+0000 INFO [o.n.k.i.DiagnosticsManager] sun.cpu.isalist = 
2018-08-24 23:33:31.915+0000 INFO [o.n.k.i.DiagnosticsManager] (IANA) TimeZone Database Version:
2018-08-24 23:33:31.964+0000 INFO [o.n.k.i.DiagnosticsManager]   TimeZone version: 2018e (available for 599 zone identifiers)
2018-08-24 23:33:31.964+0000 INFO [o.n.k.i.DiagnosticsManager] Network information:
2018-08-24 23:33:31.970+0000 INFO [o.n.k.i.DiagnosticsManager] Interface utun0:
2018-08-24 23:33:31.970+0000 INFO [o.n.k.i.DiagnosticsManager]     address: fe80:0:0:0:f5ba:4898:4078:ca52%utun0
2018-08-24 23:33:31.970+0000 INFO [o.n.k.i.DiagnosticsManager] Interface en1:
2018-08-24 23:33:31.971+0000 INFO [o.n.k.i.DiagnosticsManager]     address: fe80:0:0:0:1823:ca59:879:5f91%en1
2018-08-24 23:33:31.971+0000 INFO [o.n.k.i.DiagnosticsManager]     address: 192.168.10.11
2018-08-24 23:33:31.971+0000 INFO [o.n.k.i.DiagnosticsManager] Interface lo0:
2018-08-24 23:33:31.971+0000 INFO [o.n.k.i.DiagnosticsManager]     address: fe80:0:0:0:0:0:0:1%lo0
2018-08-24 23:33:31.971+0000 INFO [o.n.k.i.DiagnosticsManager]     address: 0:0:0:0:0:0:0:1%lo0
2018-08-24 23:33:31.971+0000 INFO [o.n.k.i.DiagnosticsManager]     address: 10.255.1.1
2018-08-24 23:33:31.971+0000 INFO [o.n.k.i.DiagnosticsManager]     address: 127.0.0.1
2018-08-24 23:33:31.971+0000 INFO [o.n.k.i.DiagnosticsManager] --- INITIALIZED diagnostics END ---
2018-08-24 23:33:32.216+0000 INFO [o.n.b.BoltKernelExtension] Bolt Server extension loaded.
2018-08-24 23:33:32.578+0000 INFO [o.n.k.i.s.f.RecordFormatSelector] Selected RecordFormat:StandardV3_4[v0.A.9] record format from store /Users/sofia/Documents/rails/neoproject/db/neo4j/development/data/databases/graph.db
2018-08-24 23:33:32.633+0000 INFO [o.n.k.i.s.f.RecordFormatSelector] Selected RecordFormat:StandardV3_4[v0.A.9] record format from store /Users/sofia/Documents/rails/neoproject/db/neo4j/development/data/databases/graph.db
2018-08-24 23:33:32.633+0000 INFO [o.n.k.i.s.f.RecordFormatSelector] Format not configured. Selected format from the store: RecordFormat:StandardV3_4[v0.A.9]
2018-08-24 23:33:33.017+0000 INFO [o.n.k.NeoStoreDataSource] No commits found after last check point (which is at LogPosition{logVersion=0, byteOffset=16})
2018-08-24 23:33:33.061+0000 INFO [o.n.k.i.DatabaseHealth] Database health set to OK
2018-08-24 23:33:33.659+0000 INFO [o.n.b.BoltKernelExtension] Bolt enabled on localhost:7472.
2018-08-24 23:33:33.670+0000 INFO [o.n.k.AvailabilityGuard] Fulfilling of requirement makes database available: Database available
2018-08-24 23:33:33.671+0000 INFO [o.n.k.i.f.GraphDatabaseFacadeFactory] Database is now ready
2018-08-24 23:33:33.672+0000 INFO [o.n.k.i.DiagnosticsManager] --- STARTED diagnostics for KernelDiagnostics:Versions START ---
2018-08-24 23:33:33.673+0000 INFO [o.n.k.i.DiagnosticsManager] Graph Database: community single StoreId{creationTime=1535153020088, randomId=-3598266497015108853, storeVersion=16094931155187206, upgradeTime=1535153020088, upgradeId=1}
2018-08-24 23:33:33.673+0000 INFO [o.n.k.i.DiagnosticsManager] Kernel version: 3.4.1,bf2fd1991decc5b49b63105e793230f19ccf6f15
2018-08-24 23:33:33.673+0000 INFO [o.n.k.i.DiagnosticsManager] --- STARTED diagnostics for KernelDiagnostics:Versions END ---
2018-08-24 23:33:33.678+0000 INFO [o.n.k.i.DiagnosticsManager] --- STARTED diagnostics for NEO_STORE_VERSIONS START ---
2018-08-24 23:33:33.678+0000 INFO [o.n.k.i.DiagnosticsManager] Store versions:
2018-08-24 23:33:33.678+0000 INFO [o.n.k.i.DiagnosticsManager] Store versions:
2018-08-24 23:33:33.679+0000 INFO [o.n.k.i.DiagnosticsManager]   ArrayPropertyStore v0.A.9
2018-08-24 23:33:33.679+0000 INFO [o.n.k.i.DiagnosticsManager]   NodeStore v0.A.9
2018-08-24 23:33:33.679+0000 INFO [o.n.k.i.DiagnosticsManager]   StringPropertyStore v0.A.9
2018-08-24 23:33:33.679+0000 INFO [o.n.k.i.DiagnosticsManager]   PropertyIndexStore v0.A.9
2018-08-24 23:33:33.680+0000 INFO [o.n.k.i.DiagnosticsManager]   StringPropertyStore v0.A.9
2018-08-24 23:33:33.680+0000 INFO [o.n.k.i.DiagnosticsManager]   ArrayPropertyStore v0.A.9
2018-08-24 23:33:33.680+0000 INFO [o.n.k.i.DiagnosticsManager]   PropertyStore v0.A.9
2018-08-24 23:33:33.680+0000 INFO [o.n.k.i.DiagnosticsManager]   RelationshipStore v0.A.9
2018-08-24 23:33:33.680+0000 INFO [o.n.k.i.DiagnosticsManager]   StringPropertyStore v0.A.9
2018-08-24 23:33:33.681+0000 INFO [o.n.k.i.DiagnosticsManager]   RelationshipTypeStore v0.A.9
2018-08-24 23:33:33.681+0000 INFO [o.n.k.i.DiagnosticsManager]   StringPropertyStore v0.A.9
2018-08-24 23:33:33.681+0000 INFO [o.n.k.i.DiagnosticsManager]   LabelTokenStore v0.A.9
2018-08-24 23:33:33.681+0000 INFO [o.n.k.i.DiagnosticsManager]   SchemaStore v0.A.9
2018-08-24 23:33:33.681+0000 INFO [o.n.k.i.DiagnosticsManager]   RelationshipGroupStore v0.A.9
2018-08-24 23:33:33.681+0000 INFO [o.n.k.i.DiagnosticsManager]   NeoStore v0.A.9
2018-08-24 23:33:33.681+0000 INFO [o.n.k.i.DiagnosticsManager] --- STARTED diagnostics for NEO_STORE_VERSIONS END ---
2018-08-24 23:33:33.681+0000 INFO [o.n.k.i.DiagnosticsManager] --- STARTED diagnostics for NEO_STORE_ID_USAGE START ---
2018-08-24 23:33:33.682+0000 INFO [o.n.k.i.DiagnosticsManager] Id usage:
2018-08-24 23:33:33.682+0000 INFO [o.n.k.i.DiagnosticsManager] Id usage:
2018-08-24 23:33:33.682+0000 INFO [o.n.k.i.DiagnosticsManager]   ArrayPropertyStore: used=1 high=0
2018-08-24 23:33:33.683+0000 INFO [o.n.k.i.DiagnosticsManager]   NodeStore: used=0 high=-1
2018-08-24 23:33:33.683+0000 INFO [o.n.k.i.DiagnosticsManager]   StringPropertyStore: used=1 high=0
2018-08-24 23:33:33.683+0000 INFO [o.n.k.i.DiagnosticsManager]   PropertyIndexStore: used=0 high=-1
2018-08-24 23:33:33.683+0000 INFO [o.n.k.i.DiagnosticsManager]   StringPropertyStore: used=1 high=0
2018-08-24 23:33:33.683+0000 INFO [o.n.k.i.DiagnosticsManager]   ArrayPropertyStore: used=1 high=0
2018-08-24 23:33:33.684+0000 INFO [o.n.k.i.DiagnosticsManager]   PropertyStore: used=0 high=-1
2018-08-24 23:33:33.684+0000 INFO [o.n.k.i.DiagnosticsManager]   RelationshipStore: used=0 high=-1
2018-08-24 23:33:33.684+0000 INFO [o.n.k.i.DiagnosticsManager]   StringPropertyStore: used=1 high=0
2018-08-24 23:33:33.684+0000 INFO [o.n.k.i.DiagnosticsManager]   RelationshipTypeStore: used=0 high=-1
2018-08-24 23:33:33.684+0000 INFO [o.n.k.i.DiagnosticsManager]   StringPropertyStore: used=1 high=0
2018-08-24 23:33:33.685+0000 INFO [o.n.k.i.DiagnosticsManager]   LabelTokenStore: used=0 high=-1
2018-08-24 23:33:33.685+0000 INFO [o.n.k.i.DiagnosticsManager]   SchemaStore: used=1 high=0
2018-08-24 23:33:33.685+0000 INFO [o.n.k.i.DiagnosticsManager]   RelationshipGroupStore: used=1 high=0
2018-08-24 23:33:33.685+0000 INFO [o.n.k.i.DiagnosticsManager]   NeoStore: used=15 high=14
2018-08-24 23:33:33.685+0000 INFO [o.n.k.i.DiagnosticsManager] --- STARTED diagnostics for NEO_STORE_ID_USAGE END ---
2018-08-24 23:33:33.685+0000 INFO [o.n.k.i.DiagnosticsManager] --- STARTED diagnostics for NEO_STORE_RECORDS START ---
2018-08-24 23:33:33.686+0000 INFO [o.n.k.i.DiagnosticsManager] Neostore records:
2018-08-24 23:33:33.687+0000 INFO [o.n.k.i.DiagnosticsManager] TIME (Creation time): 1535153020088
2018-08-24 23:33:33.687+0000 INFO [o.n.k.i.DiagnosticsManager] RANDOM_NUMBER (Random number for store id): -3598266497015108853
2018-08-24 23:33:33.687+0000 INFO [o.n.k.i.DiagnosticsManager] LOG_VERSION (Current log version): 0
2018-08-24 23:33:33.687+0000 INFO [o.n.k.i.DiagnosticsManager] LAST_TRANSACTION_ID (Last committed transaction): 1
2018-08-24 23:33:33.688+0000 INFO [o.n.k.i.DiagnosticsManager] STORE_VERSION (Store format version): 16094931155187206
2018-08-24 23:33:33.688+0000 INFO [o.n.k.i.DiagnosticsManager] FIRST_GRAPH_PROPERTY (First property record containing graph properties): -1
2018-08-24 23:33:33.688+0000 INFO [o.n.k.i.DiagnosticsManager] LAST_CONSTRAINT_TRANSACTION (Last committed transaction containing constraint changes): 0
2018-08-24 23:33:33.688+0000 INFO [o.n.k.i.DiagnosticsManager] UPGRADE_TRANSACTION_ID (Transaction id most recent upgrade was performed at): 1
2018-08-24 23:33:33.688+0000 INFO [o.n.k.i.DiagnosticsManager] UPGRADE_TIME (Time of last upgrade): 1535153020088
2018-08-24 23:33:33.688+0000 INFO [o.n.k.i.DiagnosticsManager] LAST_TRANSACTION_CHECKSUM (Checksum of last committed transaction): 0
2018-08-24 23:33:33.689+0000 INFO [o.n.k.i.DiagnosticsManager] UPGRADE_TRANSACTION_CHECKSUM (Checksum of transaction id the most recent upgrade was performed at): 0
2018-08-24 23:33:33.689+0000 INFO [o.n.k.i.DiagnosticsManager] LAST_CLOSED_TRANSACTION_LOG_VERSION (Log version where the last transaction commit entry has been written into): 0
2018-08-24 23:33:33.689+0000 INFO [o.n.k.i.DiagnosticsManager] LAST_CLOSED_TRANSACTION_LOG_BYTE_OFFSET (Byte offset in the log file where the last transaction commit entry has been written into): 16
2018-08-24 23:33:33.689+0000 INFO [o.n.k.i.DiagnosticsManager] LAST_TRANSACTION_COMMIT_TIMESTAMP (Commit time timestamp for last committed transaction): 0
2018-08-24 23:33:33.689+0000 INFO [o.n.k.i.DiagnosticsManager] UPGRADE_TRANSACTION_COMMIT_TIMESTAMP (Commit timestamp of transaction the most recent upgrade was performed at): 0
2018-08-24 23:33:33.689+0000 INFO [o.n.k.i.DiagnosticsManager] --- STARTED diagnostics for NEO_STORE_RECORDS END ---
2018-08-24 23:33:33.690+0000 INFO [o.n.k.i.DiagnosticsManager] --- STARTED diagnostics for TRANSACTION_RANGE START ---
2018-08-24 23:33:33.691+0000 INFO [o.n.k.i.DiagnosticsManager] Transaction log:
2018-08-24 23:33:33.691+0000 INFO [o.n.k.i.DiagnosticsManager] Oldest transaction 2 found in log with version 0
2018-08-24 23:33:33.691+0000 INFO [o.n.k.i.DiagnosticsManager] --- STARTED diagnostics for TRANSACTION_RANGE END ---
2018-08-24 23:33:33.698+0000 INFO [o.n.k.i.DiagnosticsManager] --- STARTED diagnostics for KernelDiagnostics:StoreFiles START ---
2018-08-24 23:33:33.698+0000 INFO [o.n.k.i.DiagnosticsManager] Disk space on partition (Total / Free / Free %): 498876809216 / 355008016384 / 71
2018-08-24 23:33:33.698+0000 INFO [o.n.k.i.DiagnosticsManager] Storage files: (filename : modification date - size)
2018-08-24 23:33:33.700+0000 INFO [o.n.k.i.DiagnosticsManager]   index:
2018-08-24 23:33:33.702+0000 INFO [o.n.k.i.DiagnosticsManager]   - Total: 2018-08-24T18:23:40-0500 - 0.00 B
2018-08-24 23:33:33.703+0000 INFO [o.n.k.i.DiagnosticsManager]   neostore: 2018-08-24T18:23:40-0500 - 8.00 kB
2018-08-24 23:33:33.703+0000 INFO [o.n.k.i.DiagnosticsManager]   neostore.counts.db.a: 2018-08-24T18:23:40-0500 - 96.00 B
2018-08-24 23:33:33.703+0000 INFO [o.n.k.i.DiagnosticsManager]   neostore.id: 2018-08-24T18:33:32-0500 - 9.00 B
2018-08-24 23:33:33.704+0000 INFO [o.n.k.i.DiagnosticsManager]   neostore.labelscanstore.db: 2018-08-24T18:33:33-0500 - 40.00 kB
2018-08-24 23:33:33.704+0000 INFO [o.n.k.i.DiagnosticsManager]   neostore.labeltokenstore.db: 2018-08-24T18:23:40-0500 - 0.00 B
2018-08-24 23:33:33.704+0000 INFO [o.n.k.i.DiagnosticsManager]   neostore.labeltokenstore.db.id: 2018-08-24T18:33:32-0500 - 9.00 B
2018-08-24 23:33:33.705+0000 INFO [o.n.k.i.DiagnosticsManager]   neostore.labeltokenstore.db.names: 2018-08-24T18:23:40-0500 - 8.00 kB
2018-08-24 23:33:33.705+0000 INFO [o.n.k.i.DiagnosticsManager]   neostore.labeltokenstore.db.names.id: 2018-08-24T18:33:32-0500 - 9.00 B
2018-08-24 23:33:33.705+0000 INFO [o.n.k.i.DiagnosticsManager]   neostore.nodestore.db: 2018-08-24T18:23:39-0500 - 0.00 B
2018-08-24 23:33:33.705+0000 INFO [o.n.k.i.DiagnosticsManager]   neostore.nodestore.db.id: 2018-08-24T18:33:32-0500 - 9.00 B
2018-08-24 23:33:33.706+0000 INFO [o.n.k.i.DiagnosticsManager]   neostore.nodestore.db.labels: 2018-08-24T18:23:39-0500 - 8.00 kB
2018-08-24 23:33:33.706+0000 INFO [o.n.k.i.DiagnosticsManager]   neostore.nodestore.db.labels.id: 2018-08-24T18:33:32-0500 - 9.00 B
2018-08-24 23:33:33.706+0000 INFO [o.n.k.i.DiagnosticsManager]   neostore.propertystore.db: 2018-08-24T18:23:39-0500 - 0.00 B
2018-08-24 23:33:33.706+0000 INFO [o.n.k.i.DiagnosticsManager]   neostore.propertystore.db.arrays: 2018-08-24T18:23:39-0500 - 8.00 kB
2018-08-24 23:33:33.706+0000 INFO [o.n.k.i.DiagnosticsManager]   neostore.propertystore.db.arrays.id: 2018-08-24T18:33:32-0500 - 9.00 B
2018-08-24 23:33:33.707+0000 INFO [o.n.k.i.DiagnosticsManager]   neostore.propertystore.db.id: 2018-08-24T18:33:32-0500 - 9.00 B
2018-08-24 23:33:33.707+0000 INFO [o.n.k.i.DiagnosticsManager]   neostore.propertystore.db.index: 2018-08-24T18:23:39-0500 - 0.00 B
2018-08-24 23:33:33.707+0000 INFO [o.n.k.i.DiagnosticsManager]   neostore.propertystore.db.index.id: 2018-08-24T18:33:32-0500 - 9.00 B
2018-08-24 23:33:33.707+0000 INFO [o.n.k.i.DiagnosticsManager]   neostore.propertystore.db.index.keys: 2018-08-24T18:23:39-0500 - 8.00 kB
2018-08-24 23:33:33.707+0000 INFO [o.n.k.i.DiagnosticsManager]   neostore.propertystore.db.index.keys.id: 2018-08-24T18:33:32-0500 - 9.00 B
2018-08-24 23:33:33.708+0000 INFO [o.n.k.i.DiagnosticsManager]   neostore.propertystore.db.strings: 2018-08-24T18:23:39-0500 - 8.00 kB
2018-08-24 23:33:33.708+0000 INFO [o.n.k.i.DiagnosticsManager]   neostore.propertystore.db.strings.id: 2018-08-24T18:33:32-0500 - 9.00 B
2018-08-24 23:33:33.709+0000 INFO [o.n.k.i.DiagnosticsManager]   neostore.relationshipgroupstore.db: 2018-08-24T18:23:40-0500 - 8.00 kB
2018-08-24 23:33:33.709+0000 INFO [o.n.k.i.DiagnosticsManager]   neostore.relationshipgroupstore.db.id: 2018-08-24T18:33:32-0500 - 9.00 B
2018-08-24 23:33:33.710+0000 INFO [o.n.k.i.DiagnosticsManager]   neostore.relationshipstore.db: 2018-08-24T18:23:39-0500 - 0.00 B
2018-08-24 23:33:33.710+0000 INFO [o.n.k.i.DiagnosticsManager]   neostore.relationshipstore.db.id: 2018-08-24T18:33:32-0500 - 9.00 B
2018-08-24 23:33:33.710+0000 INFO [o.n.k.i.DiagnosticsManager]   neostore.relationshiptypestore.db: 2018-08-24T18:23:39-0500 - 0.00 B
2018-08-24 23:33:33.710+0000 INFO [o.n.k.i.DiagnosticsManager]   neostore.relationshiptypestore.db.id: 2018-08-24T18:33:32-0500 - 9.00 B
2018-08-24 23:33:33.711+0000 INFO [o.n.k.i.DiagnosticsManager]   neostore.relationshiptypestore.db.names: 2018-08-24T18:23:39-0500 - 8.00 kB
2018-08-24 23:33:33.711+0000 INFO [o.n.k.i.DiagnosticsManager]   neostore.relationshiptypestore.db.names.id: 2018-08-24T18:33:32-0500 - 9.00 B
2018-08-24 23:33:33.711+0000 INFO [o.n.k.i.DiagnosticsManager]   neostore.schemastore.db: 2018-08-24T18:23:40-0500 - 8.00 kB
2018-08-24 23:33:33.711+0000 INFO [o.n.k.i.DiagnosticsManager]   neostore.schemastore.db.id: 2018-08-24T18:33:32-0500 - 9.00 B
2018-08-24 23:33:33.712+0000 INFO [o.n.k.i.DiagnosticsManager]   neostore.transaction.db.0: 2018-08-24T18:33:24-0500 - 34.00 B
2018-08-24 23:33:33.712+0000 INFO [o.n.k.i.DiagnosticsManager]   store_lock: 2018-08-24T18:23:39-0500 - 0.00 B
2018-08-24 23:33:33.712+0000 INFO [o.n.k.i.DiagnosticsManager] Storage summary: 
2018-08-24 23:33:33.712+0000 INFO [o.n.k.i.DiagnosticsManager]   Total size of store: 112.26 kB
2018-08-24 23:33:33.712+0000 INFO [o.n.k.i.DiagnosticsManager]   Total size of mapped files: 112.00 kB
2018-08-24 23:33:33.712+0000 INFO [o.n.k.i.DiagnosticsManager] --- STARTED diagnostics for KernelDiagnostics:StoreFiles END ---
2018-08-24 23:33:37.341+0000 INFO [o.n.k.i.DiagnosticsManager] --- SERVER STARTED START ---
2018-08-24 23:33:38.767+0000 INFO [o.n.k.i.DiagnosticsManager] --- SERVER STARTED END ---
2018-08-24 23:35:40.952+0000 INFO [o.n.k.i.a.i.IndexPopulationJob] Index population started: [:Neo4j::Migrations::SchemaMigration(migration_id) [provider: {key=lucene+native, version=2.0}]]
2018-08-24 23:35:41.163+0000 INFO [o.n.k.i.a.i.IndexPopulationJob] Completed node store scan. Flushing all pending updates.
BatchingMultipleIndexPopulator{activeTasks=0, executor=java.util.concurrent.ThreadPoolExecutor@296683ff[Running, pool size = 1, active threads = 0, queued tasks = 0, completed tasks = 1], batchedUpdates = [0 updates], queuedUpdates = 0}
2018-08-24 23:35:41.164+0000 INFO [o.n.k.i.a.i.IndexPopulationJob] Shutting down executor.
BatchingMultipleIndexPopulator{activeTasks=1, executor=java.util.concurrent.ThreadPoolExecutor@296683ff[Running, pool size = 2, active threads = 1, queued tasks = 0, completed tasks = 1], batchedUpdates = [0 updates], queuedUpdates = 0}
2018-08-24 23:35:41.236+0000 INFO [o.n.k.i.a.i.IndexPopulationJob] Index population completed. Index [:Neo4j::Migrations::SchemaMigration(migration_id) [provider: {key=lucene+native, version=2.0}]] is POPULATING.
2018-08-24 23:35:41.577+0000 INFO [o.n.k.i.a.i.IndexPopulationJob] Index population started: [:Asset(uuid) [provider: {key=lucene+native, version=2.0}]]
2018-08-24 23:35:41.593+0000 INFO [o.n.k.i.a.i.IndexPopulationJob] Completed node store scan. Flushing all pending updates.
BatchingMultipleIndexPopulator{activeTasks=1, executor=java.util.concurrent.ThreadPoolExecutor@1df6fc6[Running, pool size = 1, active threads = 1, queued tasks = 0, completed tasks = 0], batchedUpdates = [0 updates], queuedUpdates = 0}
2018-08-24 23:35:41.594+0000 INFO [o.n.k.i.a.i.IndexPopulationJob] Shutting down executor.
BatchingMultipleIndexPopulator{activeTasks=1, executor=java.util.concurrent.ThreadPoolExecutor@1df6fc6[Running, pool size = 2, active threads = 1, queued tasks = 0, completed tasks = 1], batchedUpdates = [0 updates], queuedUpdates = 0}
2018-08-24 23:35:41.613+0000 INFO [o.n.k.i.a.i.IndexPopulationJob] Index population completed. Index [:Asset(uuid) [provider: {key=lucene+native, version=2.0}]] is POPULATING.
2018-08-24 23:59:13.464+0000 INFO [o.n.k.i.t.l.c.CheckPointerImpl] Checkpoint triggered by scheduler for time threshold @ txId: 18 checkpoint started...
2018-08-24 23:59:13.549+0000 INFO [o.n.k.i.s.c.CountsTracker] Rotated counts store at transaction 18 to [/Users/sofia/Documents/rails/neoproject/db/neo4j/development/data/databases/graph.db/neostore.counts.db.b], from [/Users/sofia/Documents/rails/neoproject/db/neo4j/development/data/databases/graph.db/neostore.counts.db.a].
2018-08-24 23:59:13.558+0000 INFO [o.n.k.i.t.l.c.CheckPointerImpl] Checkpoint triggered by scheduler for time threshold @ txId: 18 checkpoint completed in 56ms
2018-08-24 23:59:13.559+0000 INFO [o.n.k.i.t.l.p.LogPruningImpl] No log version pruned, last checkpoint was made in version 0
